25-02-13.02:28:29.887 [main            ] INFO  Application            - Starting Application using Java 17.0.8 on Naive_elephant with PID 20348 (D:\javaProject\s-pay\web\target\classes started by 79217 in D:\javaProject\s-pay)
25-02-13.02:28:29.889 [main            ] INFO  Application            - The following 1 profile is active: "dev"
25-02-13.02:28:30.237 [main            ] ERROR SpringApplication      - Application run failed
java.lang.IllegalStateException: No ConfigurationProperties annotation found on  'org.example.config.AliPayConfig'.
	at org.springframework.util.Assert.state(Assert.java:97)
	at org.springframework.boot.context.properties.ConfigurationPropertiesBeanRegistrar.registerBeanDefinition(ConfigurationPropertiesBeanRegistrar.java:87)
	at org.springframework.boot.context.properties.ConfigurationPropertiesBeanRegistrar.register(ConfigurationPropertiesBeanRegistrar.java:61)
	at org.springframework.boot.context.properties.ConfigurationPropertiesBeanRegistrar.register(ConfigurationPropertiesBeanRegistrar.java:55)
	at java.base/java.lang.Iterable.forEach(Iterable.java:75)
	at org.springframework.boot.context.properties.EnableConfigurationPropertiesRegistrar.registerBeanDefinitions(EnableConfigurationPropertiesRegistrar.java:49)
	at org.springframework.context.annotation.ImportBeanDefinitionRegistrar.registerBeanDefinitions(ImportBeanDefinitionRegistrar.java:86)
	at org.springframework.context.annotation.ConfigurationClassBeanDefinitionReader.lambda$loadBeanDefinitionsFromRegistrars$1(ConfigurationClassBeanDefinitionReader.java:396)
	at java.base/java.util.LinkedHashMap.forEach(LinkedHashMap.java:721)
	at org.springframework.context.annotation.ConfigurationClassBeanDefinitionReader.loadBeanDefinitionsFromRegistrars(ConfigurationClassBeanDefinitionReader.java:395)
	at org.springframework.context.annotation.ConfigurationClassBeanDefinitionReader.loadBeanDefinitionsForConfigurationClass(ConfigurationClassBeanDefinitionReader.java:157)
	at org.springframework.context.annotation.ConfigurationClassBeanDefinitionReader.loadBeanDefinitions(ConfigurationClassBeanDefinitionReader.java:129)
	at org.springframework.context.annotation.ConfigurationClassPostProcessor.processConfigBeanDefinitions(ConfigurationClassPostProcessor.java:343)
	at org.springframework.context.annotation.ConfigurationClassPostProcessor.postProcessBeanDefinitionRegistry(ConfigurationClassPostProcessor.java:247)
	at org.springframework.context.support.PostProcessorRegistrationDelegate.invokeBeanDefinitionRegistryPostProcessors(PostProcessorRegistrationDelegate.java:311)
	at org.springframework.context.support.PostProcessorRegistrationDelegate.invokeBeanFactoryPostProcessors(PostProcessorRegistrationDelegate.java:112)
	at org.springframework.context.support.AbstractApplicationContext.invokeBeanFactoryPostProcessors(AbstractApplicationContext.java:748)
	at org.springframework.context.support.AbstractApplicationContext.refresh(AbstractApplicationContext.java:564)
	at org.springframework.boot.web.servlet.context.ServletWebServerApplicationContext.refresh(ServletWebServerApplicationContext.java:147)
	at org.springframework.boot.SpringApplication.refresh(SpringApplication.java:731)
	at org.springframework.boot.SpringApplication.refreshContext(SpringApplication.java:408)
	at org.springframework.boot.SpringApplication.run(SpringApplication.java:307)
	at org.springframework.boot.SpringApplication.run(SpringApplication.java:1303)
	at org.springframework.boot.SpringApplication.run(SpringApplication.java:1292)
	at org.example.Application.main(Application.java:14)
25-02-13.02:30:38.301 [main            ] INFO  Application            - Starting Application using Java 17.0.8 on Naive_elephant with PID 25324 (D:\javaProject\s-pay\web\target\classes started by 79217 in D:\javaProject\s-pay)
25-02-13.02:30:38.304 [main            ] INFO  Application            - The following 1 profile is active: "dev"
25-02-13.02:30:39.054 [main            ] INFO  TomcatWebServer        - Tomcat initialized with port(s): 80 (http)
25-02-13.02:30:39.061 [main            ] INFO  Http11NioProtocol      - Initializing ProtocolHandler ["http-nio-80"]
25-02-13.02:30:39.061 [main            ] INFO  StandardService        - Starting service [Tomcat]
25-02-13.02:30:39.061 [main            ] INFO  StandardEngine         - Starting Servlet engine: [Apache Tomcat/9.0.75]
25-02-13.02:30:39.130 [main            ] INFO  [/]                    - Initializing Spring embedded WebApplicationContext
25-02-13.02:30:39.130 [main            ] INFO  ServletWebServerApplicationContext - Root WebApplicationContext: initialization completed in 790 ms
25-02-13.02:30:39.672 [main            ] INFO  Http11NioProtocol      - Starting ProtocolHandler ["http-nio-80"]
25-02-13.02:30:39.684 [main            ] INFO  TomcatWebServer        - Tomcat started on port(s): 80 (http) with context path ''
25-02-13.02:30:39.690 [main            ] INFO  Application            - Started Application in 1.75 seconds (JVM running for 2.135)
25-02-13.02:31:57.346 [http-nio-80-exec-6] INFO  [/]                    - Initializing Spring DispatcherServlet 'dispatcherServlet'
25-02-13.02:31:57.346 [http-nio-80-exec-6] INFO  DispatcherServlet      - Initializing Servlet 'dispatcherServlet'
25-02-13.02:31:57.346 [http-nio-80-exec-6] INFO  DispatcherServlet      - Completed initialization in 0 ms
25-02-13.02:31:57.365 [http-nio-80-exec-6] WARN  DefaultHandlerExceptionResolver - Resolved [org.springframework.http.converter.HttpMessageNotReadableException: Required request body is missing: public org.example.common.response.Response<java.lang.String> org.example.controller.AliPayController.createPayOrder(org.example.controller.dto.CreatePayRequestDTO)]
25-02-13.02:32:25.606 [http-nio-80-exec-9] WARN  DefaultHandlerExceptionResolver - Resolved [org.springframework.http.converter.HttpMessageNotReadableException: Required request body is missing: public org.example.common.response.Response<java.lang.String> org.example.controller.AliPayController.createPayOrder(org.example.controller.dto.CreatePayRequestDTO)]
25-02-13.02:33:56.456 [main            ] INFO  Application            - Starting Application using Java 17.0.8 on Naive_elephant with PID 22056 (D:\javaProject\s-pay\web\target\classes started by 79217 in D:\javaProject\s-pay)
25-02-13.02:33:56.459 [main            ] INFO  Application            - The following 1 profile is active: "dev"
25-02-13.02:33:57.149 [main            ] INFO  TomcatWebServer        - Tomcat initialized with port(s): 80 (http)
25-02-13.02:33:57.155 [main            ] INFO  Http11NioProtocol      - Initializing ProtocolHandler ["http-nio-80"]
25-02-13.02:33:57.155 [main            ] INFO  StandardService        - Starting service [Tomcat]
25-02-13.02:33:57.155 [main            ] INFO  StandardEngine         - Starting Servlet engine: [Apache Tomcat/9.0.75]
25-02-13.02:33:57.218 [main            ] INFO  [/]                    - Initializing Spring embedded WebApplicationContext
25-02-13.02:33:57.218 [main            ] INFO  ServletWebServerApplicationContext - Root WebApplicationContext: initialization completed in 724 ms
25-02-13.02:33:57.731 [main            ] INFO  Http11NioProtocol      - Starting ProtocolHandler ["http-nio-80"]
25-02-13.02:33:57.745 [main            ] INFO  TomcatWebServer        - Tomcat started on port(s): 80 (http) with context path ''
25-02-13.02:33:57.753 [main            ] INFO  Application            - Started Application in 1.605 seconds (JVM running for 1.975)
25-02-13.02:34:00.781 [http-nio-80-exec-3] INFO  [/]                    - Initializing Spring DispatcherServlet 'dispatcherServlet'
25-02-13.02:34:00.782 [http-nio-80-exec-3] INFO  DispatcherServlet      - Initializing Servlet 'dispatcherServlet'
25-02-13.02:34:00.782 [http-nio-80-exec-3] INFO  DispatcherServlet      - Completed initialization in 0 ms
25-02-13.02:34:00.802 [http-nio-80-exec-3] WARN  DefaultHandlerExceptionResolver - Resolved [org.springframework.http.converter.HttpMessageNotReadableException: Required request body is missing: public org.example.common.response.Response<java.lang.String> org.example.controller.AliPayController.createPayOrder(org.example.controller.dto.CreatePayRequestDTO)]
25-02-13.02:38:10.869 [http-nio-80-exec-4] WARN  DefaultHandlerExceptionResolver - Resolved [org.springframework.http.converter.HttpMessageNotReadableException: Required request body is missing: public org.example.common.response.Response<java.lang.String> org.example.controller.AliPayController.createPayOrder(org.example.controller.dto.CreatePayRequestDTO)]
25-02-13.02:39:12.938 [http-nio-80-exec-6] INFO  AliPayController       - 商品下单，根据商品ID创建支付单开始 userId:10001 productId:10001
25-02-13.02:39:12.961 [http-nio-80-exec-6] INFO  HikariDataSource       - HikariPool-1 - Starting...
25-02-13.02:39:13.255 [http-nio-80-exec-6] INFO  HikariDataSource       - HikariPool-1 - Start completed.
25-02-13.02:39:13.332 [http-nio-80-exec-6] INFO  AliPayController       - 商品下单，根据商品ID创建支付单完成 userId:10001 productId:100001 orderId:2717116604301723
25-02-13.02:39:23.655 [SpringApplicationShutdownHook] INFO  HikariDataSource       - HikariPool-1 - Shutdown initiated...
25-02-13.02:39:23.661 [SpringApplicationShutdownHook] INFO  HikariDataSource       - HikariPool-1 - Shutdown completed.
