25-02-05.13:49:37.674 [main            ] INFO  Application            - Starting Application using Java 17.0.8 on Naive_elephant with PID 13552 (D:\javaProject\s-pay\web\target\classes started by 79217 in D:\javaProject\s-pay)
25-02-05.13:49:37.676 [main            ] INFO  Application            - No active profile set, falling back to 1 default profile: "default"
25-02-05.13:49:38.320 [main            ] INFO  TomcatWebServer        - Tomcat initialized with port(s): 8080 (http)
25-02-05.13:49:38.326 [main            ] INFO  Http11NioProtocol      - Initializing ProtocolHandler ["http-nio-8080"]
25-02-05.13:49:38.326 [main            ] INFO  StandardService        - Starting service [Tomcat]
25-02-05.13:49:38.326 [main            ] INFO  StandardEngine         - Starting Servlet engine: [Apache Tomcat/9.0.75]
25-02-05.13:49:38.396 [main            ] INFO  [/]                    - Initializing Spring embedded WebApplicationContext
25-02-05.13:49:38.396 [main            ] INFO  ServletWebServerApplicationContext - Root WebApplicationContext: initialization completed in 675 ms
25-02-05.13:49:38.428 [main            ] WARN  AnnotationConfigServletWebServerApplicationContext - Exception encountered during context initialization - cancelling refresh attempt: org.springframework.beans.factory.BeanCreationException: Error creating bean with name 'weixinPortalController': Injection of autowired dependencies failed; nested exception is java.lang.IllegalArgumentException: Could not resolve placeholder 'weixin.config.originalid' in value "${weixin.config.originalid}"
25-02-05.13:49:38.431 [main            ] INFO  StandardService        - Stopping service [Tomcat]
25-02-05.13:49:38.438 [main            ] INFO  ConditionEvaluationReportLoggingListener - 

Error starting ApplicationContext. To display the conditions report re-run your application with 'debug' enabled.
25-02-05.13:49:38.453 [main            ] ERROR SpringApplication      - Application run failed
org.springframework.beans.factory.BeanCreationException: Error creating bean with name 'weixinPortalController': Injection of autowired dependencies failed; nested exception is java.lang.IllegalArgumentException: Could not resolve placeholder 'weixin.config.originalid' in value "${weixin.config.originalid}"
	at org.springframework.beans.factory.annotation.AutowiredAnnotationBeanPostProcessor.postProcessProperties(AutowiredAnnotationBeanPostProcessor.java:405)
	at org.springframework.beans.factory.support.AbstractAutowireCapableBeanFactory.populateBean(AbstractAutowireCapableBeanFactory.java:1431)
	at org.springframework.beans.factory.support.AbstractAutowireCapableBeanFactory.doCreateBean(AbstractAutowireCapableBeanFactory.java:619)
	at org.springframework.beans.factory.support.AbstractAutowireCapableBeanFactory.createBean(AbstractAutowireCapableBeanFactory.java:542)
	at org.springframework.beans.factory.support.AbstractBeanFactory.lambda$doGetBean$0(AbstractBeanFactory.java:335)
	at org.springframework.beans.factory.support.DefaultSingletonBeanRegistry.getSingleton(DefaultSingletonBeanRegistry.java:234)
	at org.springframework.beans.factory.support.AbstractBeanFactory.doGetBean(AbstractBeanFactory.java:333)
	at org.springframework.beans.factory.support.AbstractBeanFactory.getBean(AbstractBeanFactory.java:208)
	at org.springframework.beans.factory.support.DefaultListableBeanFactory.preInstantiateSingletons(DefaultListableBeanFactory.java:955)
	at org.springframework.context.support.AbstractApplicationContext.finishBeanFactoryInitialization(AbstractApplicationContext.java:920)
	at org.springframework.context.support.AbstractApplicationContext.refresh(AbstractApplicationContext.java:583)
	at org.springframework.boot.web.servlet.context.ServletWebServerApplicationContext.refresh(ServletWebServerApplicationContext.java:147)
	at org.springframework.boot.SpringApplication.refresh(SpringApplication.java:731)
	at org.springframework.boot.SpringApplication.refreshContext(SpringApplication.java:408)
	at org.springframework.boot.SpringApplication.run(SpringApplication.java:307)
	at org.springframework.boot.SpringApplication.run(SpringApplication.java:1303)
	at org.springframework.boot.SpringApplication.run(SpringApplication.java:1292)
	at org.example.Application.main(Application.java:11)
Caused by: java.lang.IllegalArgumentException: Could not resolve placeholder 'weixin.config.originalid' in value "${weixin.config.originalid}"
	at org.springframework.util.PropertyPlaceholderHelper.parseStringValue(PropertyPlaceholderHelper.java:180)
	at org.springframework.util.PropertyPlaceholderHelper.replacePlaceholders(PropertyPlaceholderHelper.java:126)
	at org.springframework.core.env.AbstractPropertyResolver.doResolvePlaceholders(AbstractPropertyResolver.java:239)
	at org.springframework.core.env.AbstractPropertyResolver.resolveRequiredPlaceholders(AbstractPropertyResolver.java:210)
	at org.springframework.context.support.PropertySourcesPlaceholderConfigurer.lambda$processProperties$0(PropertySourcesPlaceholderConfigurer.java:191)
	at org.springframework.beans.factory.support.AbstractBeanFactory.resolveEmbeddedValue(AbstractBeanFactory.java:936)
	at org.springframework.beans.factory.support.DefaultListableBeanFactory.doResolveDependency(DefaultListableBeanFactory.java:1332)
	at org.springframework.beans.factory.support.DefaultListableBeanFactory.resolveDependency(DefaultListableBeanFactory.java:1311)
	at org.springframework.beans.factory.annotation.AutowiredAnnotationBeanPostProcessor$AutowiredFieldElement.resolveFieldValue(AutowiredAnnotationBeanPostProcessor.java:657)
	at org.springframework.beans.factory.annotation.AutowiredAnnotationBeanPostProcessor$AutowiredFieldElement.inject(AutowiredAnnotationBeanPostProcessor.java:640)
	at org.springframework.beans.factory.annotation.InjectionMetadata.inject(InjectionMetadata.java:119)
	at org.springframework.beans.factory.annotation.AutowiredAnnotationBeanPostProcessor.postProcessProperties(AutowiredAnnotationBeanPostProcessor.java:399)
	... 17 common frames omitted
25-02-05.13:52:08.994 [main            ] INFO  Application            - Starting Application using Java 17.0.8 on Naive_elephant with PID 24076 (D:\javaProject\s-pay\web\target\classes started by 79217 in D:\javaProject\s-pay)
25-02-05.13:52:08.996 [main            ] INFO  Application            - The following 1 profile is active: "dev"
25-02-05.13:52:09.516 [main            ] INFO  TomcatWebServer        - Tomcat initialized with port(s): 8080 (http)
25-02-05.13:52:09.521 [main            ] INFO  Http11NioProtocol      - Initializing ProtocolHandler ["http-nio-8080"]
25-02-05.13:52:09.522 [main            ] INFO  StandardService        - Starting service [Tomcat]
25-02-05.13:52:09.522 [main            ] INFO  StandardEngine         - Starting Servlet engine: [Apache Tomcat/9.0.75]
25-02-05.13:52:09.593 [main            ] INFO  [/]                    - Initializing Spring embedded WebApplicationContext
25-02-05.13:52:09.593 [main            ] INFO  ServletWebServerApplicationContext - Root WebApplicationContext: initialization completed in 564 ms
25-02-05.13:52:09.905 [main            ] INFO  Http11NioProtocol      - Starting ProtocolHandler ["http-nio-8080"]
25-02-05.13:52:09.918 [main            ] INFO  TomcatWebServer        - Tomcat started on port(s): 8080 (http) with context path ''
25-02-05.13:52:09.925 [main            ] INFO  Application            - Started Application in 1.299 seconds (JVM running for 1.681)
25-02-05.13:55:33.036 [main            ] INFO  Application            - Starting Application using Java 17.0.8 on Naive_elephant with PID 18248 (D:\javaProject\s-pay\web\target\classes started by 79217 in D:\javaProject\s-pay)
25-02-05.13:55:33.038 [main            ] INFO  Application            - The following 1 profile is active: "dev"
25-02-05.13:55:33.542 [main            ] INFO  TomcatWebServer        - Tomcat initialized with port(s): 8080 (http)
25-02-05.13:55:33.547 [main            ] INFO  Http11NioProtocol      - Initializing ProtocolHandler ["http-nio-8080"]
25-02-05.13:55:33.547 [main            ] INFO  StandardService        - Starting service [Tomcat]
25-02-05.13:55:33.547 [main            ] INFO  StandardEngine         - Starting Servlet engine: [Apache Tomcat/9.0.75]
25-02-05.13:55:33.617 [main            ] INFO  [/]                    - Initializing Spring embedded WebApplicationContext
25-02-05.13:55:33.618 [main            ] INFO  ServletWebServerApplicationContext - Root WebApplicationContext: initialization completed in 546 ms
25-02-05.13:55:33.871 [main            ] INFO  Http11NioProtocol      - Starting ProtocolHandler ["http-nio-8080"]
25-02-05.13:55:33.882 [main            ] INFO  TomcatWebServer        - Tomcat started on port(s): 8080 (http) with context path ''
25-02-05.13:55:33.888 [main            ] INFO  Application            - Started Application in 1.202 seconds (JVM running for 1.606)
25-02-05.13:58:40.302 [main            ] INFO  Application            - Starting Application using Java 17.0.8 on Naive_elephant with PID 3444 (D:\javaProject\s-pay\web\target\classes started by 79217 in D:\javaProject\s-pay)
25-02-05.13:58:40.305 [main            ] INFO  Application            - The following 1 profile is active: "dev"
25-02-05.13:58:40.867 [main            ] INFO  TomcatWebServer        - Tomcat initialized with port(s): 8080 (http)
25-02-05.13:58:40.874 [main            ] INFO  Http11NioProtocol      - Initializing ProtocolHandler ["http-nio-8080"]
25-02-05.13:58:40.875 [main            ] INFO  StandardService        - Starting service [Tomcat]
25-02-05.13:58:40.875 [main            ] INFO  StandardEngine         - Starting Servlet engine: [Apache Tomcat/9.0.75]
25-02-05.13:58:40.945 [main            ] INFO  [/]                    - Initializing Spring embedded WebApplicationContext
25-02-05.13:58:40.945 [main            ] INFO  ServletWebServerApplicationContext - Root WebApplicationContext: initialization completed in 595 ms
25-02-05.13:58:41.202 [main            ] INFO  Http11NioProtocol      - Starting ProtocolHandler ["http-nio-8080"]
25-02-05.13:58:41.214 [main            ] INFO  TomcatWebServer        - Tomcat started on port(s): 8080 (http) with context path ''
25-02-05.13:58:41.220 [main            ] INFO  Application            - Started Application in 1.235 seconds (JVM running for 1.603)
25-02-05.13:59:37.376 [main            ] INFO  Application            - Starting Application using Java 17.0.8 on Naive_elephant with PID 25376 (D:\javaProject\s-pay\web\target\classes started by 79217 in D:\javaProject\s-pay)
25-02-05.13:59:37.378 [main            ] INFO  Application            - The following 1 profile is active: "dev"
25-02-05.13:59:37.908 [main            ] INFO  TomcatWebServer        - Tomcat initialized with port(s): 8080 (http)
25-02-05.13:59:37.913 [main            ] INFO  Http11NioProtocol      - Initializing ProtocolHandler ["http-nio-8080"]
25-02-05.13:59:37.913 [main            ] INFO  StandardService        - Starting service [Tomcat]
25-02-05.13:59:37.913 [main            ] INFO  StandardEngine         - Starting Servlet engine: [Apache Tomcat/9.0.75]
25-02-05.13:59:37.976 [main            ] INFO  [/]                    - Initializing Spring embedded WebApplicationContext
25-02-05.13:59:37.976 [main            ] INFO  ServletWebServerApplicationContext - Root WebApplicationContext: initialization completed in 563 ms
25-02-05.13:59:38.217 [main            ] INFO  Http11NioProtocol      - Starting ProtocolHandler ["http-nio-8080"]
25-02-05.13:59:38.229 [main            ] INFO  TomcatWebServer        - Tomcat started on port(s): 8080 (http) with context path ''
25-02-05.13:59:38.234 [main            ] INFO  Application            - Started Application in 1.194 seconds (JVM running for 1.64)
25-02-05.14:12:11.844 [main            ] INFO  Application            - Starting Application using Java 17.0.8 on Naive_elephant with PID 26524 (D:\javaProject\s-pay\web\target\classes started by 79217 in D:\javaProject\s-pay)
25-02-05.14:12:11.847 [main            ] INFO  Application            - The following 1 profile is active: "dev"
25-02-05.14:12:12.403 [main            ] INFO  TomcatWebServer        - Tomcat initialized with port(s): 8080 (http)
25-02-05.14:12:12.409 [main            ] INFO  Http11NioProtocol      - Initializing ProtocolHandler ["http-nio-8080"]
25-02-05.14:12:12.409 [main            ] INFO  StandardService        - Starting service [Tomcat]
25-02-05.14:12:12.409 [main            ] INFO  StandardEngine         - Starting Servlet engine: [Apache Tomcat/9.0.75]
25-02-05.14:12:12.473 [main            ] INFO  [/]                    - Initializing Spring embedded WebApplicationContext
25-02-05.14:12:12.473 [main            ] INFO  ServletWebServerApplicationContext - Root WebApplicationContext: initialization completed in 584 ms
25-02-05.14:12:12.773 [main            ] INFO  Http11NioProtocol      - Starting ProtocolHandler ["http-nio-8080"]
25-02-05.14:12:12.776 [main            ] WARN  AnnotationConfigServletWebServerApplicationContext - Exception encountered during context initialization - cancelling refresh attempt: org.springframework.context.ApplicationContextException: Failed to start bean 'webServerStartStop'; nested exception is org.springframework.boot.web.server.PortInUseException: Port 8080 is already in use
25-02-05.14:12:12.779 [main            ] INFO  Http11NioProtocol      - Pausing ProtocolHandler ["http-nio-8080"]
25-02-05.14:12:12.779 [main            ] INFO  StandardService        - Stopping service [Tomcat]
25-02-05.14:12:12.782 [main            ] INFO  Http11NioProtocol      - Stopping ProtocolHandler ["http-nio-8080"]
25-02-05.14:12:12.782 [main            ] INFO  Http11NioProtocol      - Destroying ProtocolHandler ["http-nio-8080"]
25-02-05.14:12:12.786 [main            ] INFO  ConditionEvaluationReportLoggingListener - 

Error starting ApplicationContext. To display the conditions report re-run your application with 'debug' enabled.
25-02-05.14:12:12.798 [main            ] ERROR LoggingFailureAnalysisReporter - 

***************************
APPLICATION FAILED TO START
***************************

Description:

Web server failed to start. Port 8080 was already in use.

Action:

Identify and stop the process that's listening on port 8080 or configure this application to listen on another port.

25-02-05.14:14:35.050 [main            ] INFO  Application            - Starting Application using Java 17.0.8 on Naive_elephant with PID 12812 (D:\javaProject\s-pay\web\target\classes started by 79217 in D:\javaProject\s-pay)
25-02-05.14:14:35.053 [main            ] INFO  Application            - The following 1 profile is active: "dev"
25-02-05.14:14:35.545 [main            ] INFO  TomcatWebServer        - Tomcat initialized with port(s): 8080 (http)
25-02-05.14:14:35.550 [main            ] INFO  Http11NioProtocol      - Initializing ProtocolHandler ["http-nio-8080"]
25-02-05.14:14:35.550 [main            ] INFO  StandardService        - Starting service [Tomcat]
25-02-05.14:14:35.550 [main            ] INFO  StandardEngine         - Starting Servlet engine: [Apache Tomcat/9.0.75]
25-02-05.14:14:35.616 [main            ] INFO  [/]                    - Initializing Spring embedded WebApplicationContext
25-02-05.14:14:35.616 [main            ] INFO  ServletWebServerApplicationContext - Root WebApplicationContext: initialization completed in 527 ms
25-02-05.14:14:35.877 [main            ] INFO  Http11NioProtocol      - Starting ProtocolHandler ["http-nio-8080"]
25-02-05.14:14:35.889 [main            ] INFO  TomcatWebServer        - Tomcat started on port(s): 8080 (http) with context path ''
25-02-05.14:14:35.895 [main            ] INFO  Application            - Started Application in 1.173 seconds (JVM running for 1.576)
25-02-05.14:17:41.878 [main            ] INFO  Application            - Starting Application using Java 17.0.8 on Naive_elephant with PID 13688 (D:\javaProject\s-pay\web\target\classes started by 79217 in D:\javaProject\s-pay)
25-02-05.14:17:41.880 [main            ] INFO  Application            - The following 1 profile is active: "dev"
25-02-05.14:17:42.364 [main            ] INFO  TomcatWebServer        - Tomcat initialized with port(s): 80 (http)
25-02-05.14:17:42.369 [main            ] INFO  Http11NioProtocol      - Initializing ProtocolHandler ["http-nio-80"]
25-02-05.14:17:42.369 [main            ] INFO  StandardService        - Starting service [Tomcat]
25-02-05.14:17:42.369 [main            ] INFO  StandardEngine         - Starting Servlet engine: [Apache Tomcat/9.0.75]
25-02-05.14:17:42.436 [main            ] INFO  [/]                    - Initializing Spring embedded WebApplicationContext
25-02-05.14:17:42.437 [main            ] INFO  ServletWebServerApplicationContext - Root WebApplicationContext: initialization completed in 521 ms
25-02-05.14:17:42.680 [main            ] INFO  Http11NioProtocol      - Starting ProtocolHandler ["http-nio-80"]
25-02-05.14:17:42.691 [main            ] INFO  TomcatWebServer        - Tomcat started on port(s): 80 (http) with context path ''
25-02-05.14:17:42.697 [main            ] INFO  Application            - Started Application in 1.167 seconds (JVM running for 1.548)
25-02-05.14:17:47.629 [http-nio-80-exec-1] INFO  [/]                    - Initializing Spring DispatcherServlet 'dispatcherServlet'
25-02-05.14:17:47.629 [http-nio-80-exec-1] INFO  DispatcherServlet      - Initializing Servlet 'dispatcherServlet'
25-02-05.14:17:47.630 [http-nio-80-exec-1] INFO  DispatcherServlet      - Completed initialization in 1 ms
25-02-05.14:19:03.910 [main            ] INFO  Application            - Starting Application using Java 17.0.8 on Naive_elephant with PID 25312 (D:\javaProject\s-pay\web\target\classes started by 79217 in D:\javaProject\s-pay)
25-02-05.14:19:03.912 [main            ] INFO  Application            - The following 1 profile is active: "dev"
25-02-05.14:19:04.441 [main            ] INFO  TomcatWebServer        - Tomcat initialized with port(s): 8080 (http)
25-02-05.14:19:04.447 [main            ] INFO  Http11NioProtocol      - Initializing ProtocolHandler ["http-nio-8080"]
25-02-05.14:19:04.447 [main            ] INFO  StandardService        - Starting service [Tomcat]
25-02-05.14:19:04.447 [main            ] INFO  StandardEngine         - Starting Servlet engine: [Apache Tomcat/9.0.75]
25-02-05.14:19:04.520 [main            ] INFO  [/]                    - Initializing Spring embedded WebApplicationContext
25-02-05.14:19:04.520 [main            ] INFO  ServletWebServerApplicationContext - Root WebApplicationContext: initialization completed in 574 ms
25-02-05.14:19:04.769 [main            ] INFO  Http11NioProtocol      - Starting ProtocolHandler ["http-nio-8080"]
25-02-05.14:19:04.780 [main            ] INFO  TomcatWebServer        - Tomcat started on port(s): 8080 (http) with context path ''
25-02-05.14:19:04.785 [main            ] INFO  Application            - Started Application in 1.236 seconds (JVM running for 1.628)
25-02-05.14:19:18.789 [main            ] INFO  Application            - Starting Application using Java 17.0.8 on Naive_elephant with PID 25776 (D:\javaProject\s-pay\web\target\classes started by 79217 in D:\javaProject\s-pay)
25-02-05.14:19:18.791 [main            ] INFO  Application            - The following 1 profile is active: "dev"
25-02-05.14:19:19.326 [main            ] INFO  TomcatWebServer        - Tomcat initialized with port(s): 80 (http)
25-02-05.14:19:19.332 [main            ] INFO  Http11NioProtocol      - Initializing ProtocolHandler ["http-nio-80"]
25-02-05.14:19:19.333 [main            ] INFO  StandardService        - Starting service [Tomcat]
25-02-05.14:19:19.333 [main            ] INFO  StandardEngine         - Starting Servlet engine: [Apache Tomcat/9.0.75]
25-02-05.14:19:19.422 [main            ] INFO  [/]                    - Initializing Spring embedded WebApplicationContext
25-02-05.14:19:19.422 [main            ] INFO  ServletWebServerApplicationContext - Root WebApplicationContext: initialization completed in 590 ms
25-02-05.14:19:19.682 [main            ] INFO  Http11NioProtocol      - Starting ProtocolHandler ["http-nio-80"]
25-02-05.14:19:19.693 [main            ] INFO  TomcatWebServer        - Tomcat started on port(s): 80 (http) with context path ''
25-02-05.14:19:19.699 [main            ] INFO  Application            - Started Application in 1.309 seconds (JVM running for 1.697)
25-02-05.14:19:25.804 [http-nio-80-exec-1] INFO  [/]                    - Initializing Spring DispatcherServlet 'dispatcherServlet'
25-02-05.14:19:25.804 [http-nio-80-exec-1] INFO  DispatcherServlet      - Initializing Servlet 'dispatcherServlet'
25-02-05.14:19:25.805 [http-nio-80-exec-1] INFO  DispatcherServlet      - Completed initialization in 1 ms
25-02-05.14:19:31.493 [http-nio-80-exec-3] INFO  WeixinPortalController - 微信公众号验签信息开始 [8b892df055e9462bf5e767a32afbf6b5985a63d8, 1738736374, 2139141653, 1140361566251332342]
25-02-05.14:19:31.500 [http-nio-80-exec-3] INFO  WeixinPortalController - 微信公众号验签信息完成 check：true
25-02-05.14:21:26.184 [http-nio-80-exec-6] INFO  WeixinPortalController - 接收微信公众号信息请求oOJlO7FKQXylYmBN9wtKIvl7VW28开始 <xml><ToUserName><![CDATA[gh_c8f98d60710e]]></ToUserName>
<FromUserName><![CDATA[oOJlO7FKQXylYmBN9wtKIvl7VW28]]></FromUserName>
<CreateTime>1738736488</CreateTime>
<MsgType><![CDATA[event]]></MsgType>
<Event><![CDATA[subscribe]]></Event>
<EventKey><![CDATA[]]></EventKey>
</xml>
25-02-05.14:21:31.101 [http-nio-80-exec-9] INFO  WeixinPortalController - 接收微信公众号信息请求oOJlO7FKQXylYmBN9wtKIvl7VW28开始 <xml><ToUserName><![CDATA[gh_c8f98d60710e]]></ToUserName>
<FromUserName><![CDATA[oOJlO7FKQXylYmBN9wtKIvl7VW28]]></FromUserName>
<CreateTime>1738736493</CreateTime>
<MsgType><![CDATA[text]]></MsgType>
<Content><![CDATA[你好]]></Content>
<MsgId>24892721036304158</MsgId>
</xml>
25-02-05.14:21:40.852 [http-nio-80-exec-1] INFO  WeixinPortalController - 接收微信公众号信息请求oOJlO7FKQXylYmBN9wtKIvl7VW28开始 <xml><ToUserName><![CDATA[gh_c8f98d60710e]]></ToUserName>
<FromUserName><![CDATA[oOJlO7FKQXylYmBN9wtKIvl7VW28]]></FromUserName>
<CreateTime>1738736503</CreateTime>
<MsgType><![CDATA[text]]></MsgType>
<Content><![CDATA[我是小狗]]></Content>
<MsgId>24892722063761711</MsgId>
</xml>
25-02-05.14:21:47.297 [http-nio-80-exec-2] INFO  WeixinPortalController - 接收微信公众号信息请求oOJlO7FKQXylYmBN9wtKIvl7VW28开始 <xml><ToUserName><![CDATA[gh_c8f98d60710e]]></ToUserName>
<FromUserName><![CDATA[oOJlO7FKQXylYmBN9wtKIvl7VW28]]></FromUserName>
<CreateTime>1738736509</CreateTime>
<MsgType><![CDATA[text]]></MsgType>
<Content><![CDATA[你是小猫]]></Content>
<MsgId>24892724162298181</MsgId>
</xml>
