25-02-15.19:45:38.127 [main            ] INFO  Application            - Starting Application using Java 17.0.8 on Naive_elephant with PID 23320 (D:\javaProject\s-pay\web\target\classes started by 79217 in D:\javaProject\s-pay)
25-02-15.19:45:38.129 [main            ] INFO  Application            - The following 1 profile is active: "dev"
25-02-15.19:45:39.118 [main            ] INFO  TomcatWebServer        - Tomcat initialized with port(s): 80 (http)
25-02-15.19:45:39.125 [main            ] INFO  Http11NioProtocol      - Initializing ProtocolHandler ["http-nio-80"]
25-02-15.19:45:39.125 [main            ] INFO  StandardService        - Starting service [Tomcat]
25-02-15.19:45:39.125 [main            ] INFO  StandardEngine         - Starting Servlet engine: [Apache Tomcat/9.0.75]
25-02-15.19:45:39.205 [main            ] INFO  [/]                    - Initializing Spring embedded WebApplicationContext
25-02-15.19:45:39.205 [main            ] INFO  ServletWebServerApplicationContext - Root WebApplicationContext: initialization completed in 1025 ms
25-02-15.19:45:39.892 [main            ] INFO  Http11NioProtocol      - Starting ProtocolHandler ["http-nio-80"]
25-02-15.19:45:39.907 [main            ] INFO  TomcatWebServer        - Tomcat started on port(s): 80 (http) with context path ''
25-02-15.19:45:39.918 [main            ] INFO  Application            - Started Application in 2.203 seconds (JVM running for 2.784)
25-02-15.19:45:42.000 [scheduling-1    ] INFO  NoPayNotifyOrderJob    - 任务；检测未接收到或未正确处理的支付回调通知
25-02-15.19:45:42.017 [scheduling-1    ] INFO  HikariDataSource       - HikariPool-1 - Starting...
25-02-15.19:45:42.234 [scheduling-1    ] INFO  HikariDataSource       - HikariPool-1 - Start completed.
25-02-15.19:45:45.001 [scheduling-1    ] INFO  NoPayNotifyOrderJob    - 任务；检测未接收到或未正确处理的支付回调通知
25-02-15.19:45:48.006 [scheduling-1    ] INFO  NoPayNotifyOrderJob    - 任务；检测未接收到或未正确处理的支付回调通知
25-02-15.19:45:49.029 [http-nio-80-exec-3] INFO  [/]                    - Initializing Spring DispatcherServlet 'dispatcherServlet'
25-02-15.19:45:49.029 [http-nio-80-exec-3] INFO  DispatcherServlet      - Initializing Servlet 'dispatcherServlet'
25-02-15.19:45:49.030 [http-nio-80-exec-3] INFO  DispatcherServlet      - Completed initialization in 1 ms
25-02-15.19:45:49.841 [http-nio-80-exec-3] INFO  LoginController        - 生成微信扫码登录 ticket:gQGj8DwAAAAAAAAAAS5odHRwOi8vd2VpeGluLnFxLmNvbS9xLzAyUmFxQ3hIVXBkZUkxTzRib05EMXMAAgSEfrBnAwQAjScA
25-02-15.19:45:51.001 [scheduling-1    ] INFO  NoPayNotifyOrderJob    - 任务；检测未接收到或未正确处理的支付回调通知
25-02-15.19:45:52.873 [http-nio-80-exec-1] INFO  LoginController        - 扫码检测登录结果 ticket:gQGj8DwAAAAAAAAAAS5odHRwOi8vd2VpeGluLnFxLmNvbS9xLzAyUmFxQ3hIVXBkZUkxTzRib05EMXMAAgSEfrBnAwQAjScA openidToken:null
25-02-15.19:45:54.006 [scheduling-1    ] INFO  NoPayNotifyOrderJob    - 任务；检测未接收到或未正确处理的支付回调通知
25-02-15.19:45:55.863 [http-nio-80-exec-2] INFO  LoginController        - 扫码检测登录结果 ticket:gQGj8DwAAAAAAAAAAS5odHRwOi8vd2VpeGluLnFxLmNvbS9xLzAyUmFxQ3hIVXBkZUkxTzRib05EMXMAAgSEfrBnAwQAjScA openidToken:null
25-02-15.19:45:57.011 [scheduling-1    ] INFO  NoPayNotifyOrderJob    - 任务；检测未接收到或未正确处理的支付回调通知
25-02-15.19:45:58.862 [http-nio-80-exec-4] INFO  LoginController        - 扫码检测登录结果 ticket:gQGj8DwAAAAAAAAAAS5odHRwOi8vd2VpeGluLnFxLmNvbS9xLzAyUmFxQ3hIVXBkZUkxTzRib05EMXMAAgSEfrBnAwQAjScA openidToken:null
25-02-15.19:46:00.009 [scheduling-1    ] INFO  NoPayNotifyOrderJob    - 任务；检测未接收到或未正确处理的支付回调通知
25-02-15.19:46:01.871 [http-nio-80-exec-5] INFO  LoginController        - 扫码检测登录结果 ticket:gQGj8DwAAAAAAAAAAS5odHRwOi8vd2VpeGluLnFxLmNvbS9xLzAyUmFxQ3hIVXBkZUkxTzRib05EMXMAAgSEfrBnAwQAjScA openidToken:null
25-02-15.19:46:03.005 [scheduling-1    ] INFO  NoPayNotifyOrderJob    - 任务；检测未接收到或未正确处理的支付回调通知
25-02-15.19:46:04.874 [http-nio-80-exec-6] INFO  LoginController        - 扫码检测登录结果 ticket:gQGj8DwAAAAAAAAAAS5odHRwOi8vd2VpeGluLnFxLmNvbS9xLzAyUmFxQ3hIVXBkZUkxTzRib05EMXMAAgSEfrBnAwQAjScA openidToken:null
25-02-15.19:46:06.012 [scheduling-1    ] INFO  NoPayNotifyOrderJob    - 任务；检测未接收到或未正确处理的支付回调通知
25-02-15.19:46:07.879 [http-nio-80-exec-7] INFO  LoginController        - 扫码检测登录结果 ticket:gQGj8DwAAAAAAAAAAS5odHRwOi8vd2VpeGluLnFxLmNvbS9xLzAyUmFxQ3hIVXBkZUkxTzRib05EMXMAAgSEfrBnAwQAjScA openidToken:null
25-02-15.19:46:09.013 [scheduling-1    ] INFO  NoPayNotifyOrderJob    - 任务；检测未接收到或未正确处理的支付回调通知
25-02-15.19:46:11.280 [http-nio-80-exec-8] INFO  LoginController        - 扫码检测登录结果 ticket:gQGj8DwAAAAAAAAAAS5odHRwOi8vd2VpeGluLnFxLmNvbS9xLzAyUmFxQ3hIVXBkZUkxTzRib05EMXMAAgSEfrBnAwQAjScA openidToken:null
25-02-15.19:46:12.011 [scheduling-1    ] INFO  NoPayNotifyOrderJob    - 任务；检测未接收到或未正确处理的支付回调通知
25-02-15.19:46:14.287 [http-nio-80-exec-9] INFO  LoginController        - 扫码检测登录结果 ticket:gQGj8DwAAAAAAAAAAS5odHRwOi8vd2VpeGluLnFxLmNvbS9xLzAyUmFxQ3hIVXBkZUkxTzRib05EMXMAAgSEfrBnAwQAjScA openidToken:null
25-02-15.19:46:15.015 [scheduling-1    ] INFO  NoPayNotifyOrderJob    - 任务；检测未接收到或未正确处理的支付回调通知
25-02-15.19:46:16.480 [SpringApplicationShutdownHook] INFO  HikariDataSource       - HikariPool-1 - Shutdown initiated...
25-02-15.19:46:16.485 [SpringApplicationShutdownHook] INFO  HikariDataSource       - HikariPool-1 - Shutdown completed.
25-02-15.19:46:40.509 [main            ] INFO  Application            - Starting Application using Java 17.0.8 on Naive_elephant with PID 6228 (D:\javaProject\s-pay\web\target\classes started by 79217 in D:\javaProject\s-pay)
25-02-15.19:46:40.511 [main            ] INFO  Application            - The following 1 profile is active: "dev"
25-02-15.19:46:41.243 [main            ] INFO  TomcatWebServer        - Tomcat initialized with port(s): 80 (http)
25-02-15.19:46:41.249 [main            ] INFO  Http11NioProtocol      - Initializing ProtocolHandler ["http-nio-80"]
25-02-15.19:46:41.249 [main            ] INFO  StandardService        - Starting service [Tomcat]
25-02-15.19:46:41.249 [main            ] INFO  StandardEngine         - Starting Servlet engine: [Apache Tomcat/9.0.75]
25-02-15.19:46:41.317 [main            ] INFO  [/]                    - Initializing Spring embedded WebApplicationContext
25-02-15.19:46:41.317 [main            ] INFO  ServletWebServerApplicationContext - Root WebApplicationContext: initialization completed in 767 ms
25-02-15.19:46:41.850 [main            ] INFO  Http11NioProtocol      - Starting ProtocolHandler ["http-nio-80"]
25-02-15.19:46:41.864 [main            ] INFO  TomcatWebServer        - Tomcat started on port(s): 80 (http) with context path ''
25-02-15.19:46:41.874 [main            ] INFO  Application            - Started Application in 1.778 seconds (JVM running for 2.306)
25-02-15.19:46:42.005 [scheduling-1    ] INFO  NoPayNotifyOrderJob    - 任务；检测未接收到或未正确处理的支付回调通知
25-02-15.19:46:42.020 [scheduling-1    ] INFO  HikariDataSource       - HikariPool-1 - Starting...
25-02-15.19:46:42.083 [http-nio-80-exec-1] INFO  [/]                    - Initializing Spring DispatcherServlet 'dispatcherServlet'
25-02-15.19:46:42.083 [http-nio-80-exec-1] INFO  DispatcherServlet      - Initializing Servlet 'dispatcherServlet'
25-02-15.19:46:42.084 [http-nio-80-exec-1] INFO  DispatcherServlet      - Completed initialization in 1 ms
25-02-15.19:46:42.123 [http-nio-80-exec-1] INFO  LoginController        - 扫码检测登录结果 ticket:gQGj8DwAAAAAAAAAAS5odHRwOi8vd2VpeGluLnFxLmNvbS9xLzAyUmFxQ3hIVXBkZUkxTzRib05EMXMAAgSEfrBnAwQAjScA openidToken:null
25-02-15.19:46:42.220 [scheduling-1    ] INFO  HikariDataSource       - HikariPool-1 - Start completed.
25-02-15.19:46:43.866 [http-nio-80-exec-2] INFO  LoginController        - 扫码检测登录结果 ticket:gQGj8DwAAAAAAAAAAS5odHRwOi8vd2VpeGluLnFxLmNvbS9xLzAyUmFxQ3hIVXBkZUkxTzRib05EMXMAAgSEfrBnAwQAjScA openidToken:null
25-02-15.19:46:45.003 [scheduling-1    ] INFO  NoPayNotifyOrderJob    - 任务；检测未接收到或未正确处理的支付回调通知
25-02-15.19:46:48.015 [scheduling-1    ] INFO  NoPayNotifyOrderJob    - 任务；检测未接收到或未正确处理的支付回调通知
25-02-15.19:46:48.189 [http-nio-80-exec-6] INFO  LoginController        - 生成微信扫码登录 ticket:gQEL8TwAAAAAAAAAAS5odHRwOi8vd2VpeGluLnFxLmNvbS9xLzAyUUdWNXdJVXBkZUkxTy1ibzFEMTkAAgS_frBnAwQAjScA
25-02-15.19:46:51.013 [scheduling-1    ] INFO  NoPayNotifyOrderJob    - 任务；检测未接收到或未正确处理的支付回调通知
25-02-15.19:46:51.204 [http-nio-80-exec-4] INFO  LoginController        - 扫码检测登录结果 ticket:gQEL8TwAAAAAAAAAAS5odHRwOi8vd2VpeGluLnFxLmNvbS9xLzAyUUdWNXdJVXBkZUkxTy1ibzFEMTkAAgS_frBnAwQAjScA openidToken:null
25-02-15.19:46:53.404 [http-nio-80-exec-3] INFO  WeixinPortalController - 接收微信公众号信息请求oOJlO7FKQXylYmBN9wtKIvl7VW28开始 <xml><ToUserName><![CDATA[gh_c8f98d60710e]]></ToUserName>
<FromUserName><![CDATA[oOJlO7FKQXylYmBN9wtKIvl7VW28]]></FromUserName>
<CreateTime>1739620035</CreateTime>
<MsgType><![CDATA[event]]></MsgType>
<Event><![CDATA[SCAN]]></Event>
<EventKey><![CDATA[100601]]></EventKey>
<Ticket><![CDATA[gQEL8TwAAAAAAAAAAS5odHRwOi8vd2VpeGluLnFxLmNvbS9xLzAyUUdWNXdJVXBkZUkxTy1ibzFEMTkAAgS_frBnAwQAjScA]]></Ticket>
</xml>
25-02-15.19:46:54.010 [scheduling-1    ] INFO  NoPayNotifyOrderJob    - 任务；检测未接收到或未正确处理的支付回调通知
25-02-15.19:46:54.193 [http-nio-80-exec-7] INFO  LoginController        - 扫码检测登录结果 ticket:gQEL8TwAAAAAAAAAAS5odHRwOi8vd2VpeGluLnFxLmNvbS9xLzAyUUdWNXdJVXBkZUkxTy1ibzFEMTkAAgS_frBnAwQAjScA openidToken:oOJlO7FKQXylYmBN9wtKIvl7VW28
25-02-15.19:46:54.796 [http-nio-80-exec-9] INFO  WeixinPortalController - 接收微信公众号信息请求oOJlO7FKQXylYmBN9wtKIvl7VW28开始 <xml><ToUserName><![CDATA[gh_c8f98d60710e]]></ToUserName>
<FromUserName><![CDATA[oOJlO7FKQXylYmBN9wtKIvl7VW28]]></FromUserName>
<CreateTime>1739620037</CreateTime>
<MsgType><![CDATA[event]]></MsgType>
<Event><![CDATA[TEMPLATESENDJOBFINISH]]></Event>
<MsgID>3859225508714020864</MsgID>
<Status><![CDATA[success]]></Status>
</xml>
25-02-15.19:46:54.808 [http-nio-80-exec-9] ERROR WeixinPortalController - 接收微信公众号信息请求oOJlO7FKQXylYmBN9wtKIvl7VW28失败 <xml><ToUserName><![CDATA[gh_c8f98d60710e]]></ToUserName>
<FromUserName><![CDATA[oOJlO7FKQXylYmBN9wtKIvl7VW28]]></FromUserName>
<CreateTime>1739620037</CreateTime>
<MsgType><![CDATA[event]]></MsgType>
<Event><![CDATA[TEMPLATESENDJOBFINISH]]></Event>
<MsgID>3859225508714020864</MsgID>
<Status><![CDATA[success]]></Status>
</xml>
com.thoughtworks.xstream.converters.reflection.AbstractReflectionConverter$UnknownFieldException: No such field org.example.common.weixin.MessageTextEntity.MsgID
---- Debugging information ----
message             : No such field org.example.common.weixin.MessageTextEntity.MsgID
field               : MsgID
class               : org.example.common.weixin.MessageTextEntity
required-type       : org.example.common.weixin.MessageTextEntity
converter-type      : com.thoughtworks.xstream.converters.reflection.ReflectionConverter
version             : 1.4.20
-------------------------------
	at com.thoughtworks.xstream.converters.reflection.AbstractReflectionConverter.handleUnknownField(AbstractReflectionConverter.java:520)
	at com.thoughtworks.xstream.converters.reflection.AbstractReflectionConverter.doUnmarshal(AbstractReflectionConverter.java:371)
	at com.thoughtworks.xstream.converters.reflection.AbstractReflectionConverter.unmarshal(AbstractReflectionConverter.java:277)
	at com.thoughtworks.xstream.core.TreeUnmarshaller.convert(TreeUnmarshaller.java:74)
	at com.thoughtworks.xstream.core.TreeUnmarshaller.convertAnother(TreeUnmarshaller.java:68)
	at com.thoughtworks.xstream.core.TreeUnmarshaller.convertAnother(TreeUnmarshaller.java:52)
	at com.thoughtworks.xstream.core.TreeUnmarshaller.start(TreeUnmarshaller.java:136)
	at com.thoughtworks.xstream.core.AbstractTreeMarshallingStrategy.unmarshal(AbstractTreeMarshallingStrategy.java:32)
	at com.thoughtworks.xstream.XStream.unmarshal(XStream.java:1464)
	at com.thoughtworks.xstream.XStream.unmarshal(XStream.java:1441)
	at com.thoughtworks.xstream.XStream.fromXML(XStream.java:1321)
	at com.thoughtworks.xstream.XStream.fromXML(XStream.java:1312)
	at org.example.common.weixin.XmlUtil.xmlToBean(XmlUtil.java:148)
	at org.example.controller.WeixinPortalController.post(WeixinPortalController.java:67)
	at java.base/jdk.internal.reflect.NativeMethodAccessorImpl.invoke0(Native Method)
	at java.base/jdk.internal.reflect.NativeMethodAccessorImpl.invoke(NativeMethodAccessorImpl.java:77)
	at java.base/jdk.internal.reflect.DelegatingMethodAccessorImpl.invoke(DelegatingMethodAccessorImpl.java:43)
	at java.base/java.lang.reflect.Method.invoke(Method.java:568)
	at org.springframework.web.method.support.InvocableHandlerMethod.doInvoke(InvocableHandlerMethod.java:205)
	at org.springframework.web.method.support.InvocableHandlerMethod.invokeForRequest(InvocableHandlerMethod.java:150)
	at org.springframework.web.servlet.mvc.method.annotation.ServletInvocableHandlerMethod.invokeAndHandle(ServletInvocableHandlerMethod.java:117)
	at org.springframework.web.servlet.mvc.method.annotation.RequestMappingHandlerAdapter.invokeHandlerMethod(RequestMappingHandlerAdapter.java:895)
	at org.springframework.web.servlet.mvc.method.annotation.RequestMappingHandlerAdapter.handleInternal(RequestMappingHandlerAdapter.java:808)
	at org.springframework.web.servlet.mvc.method.AbstractHandlerMethodAdapter.handle(AbstractHandlerMethodAdapter.java:87)
	at org.springframework.web.servlet.DispatcherServlet.doDispatch(DispatcherServlet.java:1072)
	at org.springframework.web.servlet.DispatcherServlet.doService(DispatcherServlet.java:965)
	at org.springframework.web.servlet.FrameworkServlet.processRequest(FrameworkServlet.java:1006)
	at org.springframework.web.servlet.FrameworkServlet.doPost(FrameworkServlet.java:909)
	at javax.servlet.http.HttpServlet.service(HttpServlet.java:555)
	at org.springframework.web.servlet.FrameworkServlet.service(FrameworkServlet.java:883)
	at javax.servlet.http.HttpServlet.service(HttpServlet.java:623)
	at org.apache.catalina.core.ApplicationFilterChain.internalDoFilter(ApplicationFilterChain.java:209)
	at org.apache.catalina.core.ApplicationFilterChain.doFilter(ApplicationFilterChain.java:153)
	at org.apache.tomcat.websocket.server.WsFilter.doFilter(WsFilter.java:51)
	at org.apache.catalina.core.ApplicationFilterChain.internalDoFilter(ApplicationFilterChain.java:178)
	at org.apache.catalina.core.ApplicationFilterChain.doFilter(ApplicationFilterChain.java:153)
	at org.springframework.web.filter.RequestContextFilter.doFilterInternal(RequestContextFilter.java:100)
	at org.springframework.web.filter.OncePerRequestFilter.doFilter(OncePerRequestFilter.java:117)
	at org.apache.catalina.core.ApplicationFilterChain.internalDoFilter(ApplicationFilterChain.java:178)
	at org.apache.catalina.core.ApplicationFilterChain.doFilter(ApplicationFilterChain.java:153)
	at org.springframework.web.filter.FormContentFilter.doFilterInternal(FormContentFilter.java:93)
	at org.springframework.web.filter.OncePerRequestFilter.doFilter(OncePerRequestFilter.java:117)
	at org.apache.catalina.core.ApplicationFilterChain.internalDoFilter(ApplicationFilterChain.java:178)
	at org.apache.catalina.core.ApplicationFilterChain.doFilter(ApplicationFilterChain.java:153)
	at org.springframework.web.filter.CharacterEncodingFilter.doFilterInternal(CharacterEncodingFilter.java:201)
	at org.springframework.web.filter.OncePerRequestFilter.doFilter(OncePerRequestFilter.java:117)
	at org.apache.catalina.core.ApplicationFilterChain.internalDoFilter(ApplicationFilterChain.java:178)
	at org.apache.catalina.core.ApplicationFilterChain.doFilter(ApplicationFilterChain.java:153)
	at org.apache.catalina.core.StandardWrapperValve.invoke(StandardWrapperValve.java:167)
	at org.apache.catalina.core.StandardContextValve.invoke(StandardContextValve.java:90)
	at org.apache.catalina.authenticator.AuthenticatorBase.invoke(AuthenticatorBase.java:481)
	at org.apache.catalina.core.StandardHostValve.invoke(StandardHostValve.java:130)
	at org.apache.catalina.valves.ErrorReportValve.invoke(ErrorReportValve.java:93)
	at org.apache.catalina.core.StandardEngineValve.invoke(StandardEngineValve.java:74)
	at org.apache.catalina.connector.CoyoteAdapter.service(CoyoteAdapter.java:343)
	at org.apache.coyote.http11.Http11Processor.service(Http11Processor.java:390)
	at org.apache.coyote.AbstractProcessorLight.process(AbstractProcessorLight.java:63)
	at org.apache.coyote.AbstractProtocol$ConnectionHandler.process(AbstractProtocol.java:926)
	at org.apache.tomcat.util.net.NioEndpoint$SocketProcessor.doRun(NioEndpoint.java:1791)
	at org.apache.tomcat.util.net.SocketProcessorBase.run(SocketProcessorBase.java:52)
	at org.apache.tomcat.util.threads.ThreadPoolExecutor.runWorker(ThreadPoolExecutor.java:1191)
	at org.apache.tomcat.util.threads.ThreadPoolExecutor$Worker.run(ThreadPoolExecutor.java:659)
	at org.apache.tomcat.util.threads.TaskThread$WrappingRunnable.run(TaskThread.java:61)
	at java.base/java.lang.Thread.run(Thread.java:833)
25-02-15.19:46:57.007 [scheduling-1    ] INFO  NoPayNotifyOrderJob    - 任务；检测未接收到或未正确处理的支付回调通知
25-02-15.19:46:57.565 [http-nio-80-exec-2] INFO  AliPayController       - 商品下单，根据商品ID创建支付单开始 userId:oOJlO7FKQXylYmBN9wtKIvl7VW28 productId:oOJlO7FKQXylYmBN9wtKIvl7VW28
25-02-15.19:46:57.646 [http-nio-80-exec-2] INFO  AliPayController       - 商品下单，根据商品ID创建支付单完成 userId:oOJlO7FKQXylYmBN9wtKIvl7VW28 productId:100010090091 orderId:0021470042205403
25-02-15.19:47:00.006 [scheduling-1    ] INFO  NoPayNotifyOrderJob    - 任务；检测未接收到或未正确处理的支付回调通知
25-02-15.19:47:00.750 [scheduling-1    ] ERROR err                    - ErrorScene^_^40004^_^ACQ.TRADE_NOT_EXIST^_^null^_^Windows 11^_^2025-02-15 19:47:00^_^ProtocalMustParams:charset=utf-8&method=alipay.trade.query&sign=bVlo4P8buBLT2wLG2k+0M1IqtEoObrHxBx/4ei+9YnQCtby9IqMzR3PdZXkiLOXwgQ1woFNDF9V0XAsSITuKPGrkrFbd07ZuSvRHP40ReqxspNzG4C3sYo2mYAomR7v1hG4FZOco39S/IaSl69+fMccoiHzXkiIIiMVinik0JVSMQAlyA5kY4Vld/Cxdwha92z3yeMyP6q56d+3F2tLp0wfs/8kL2fiVeVpRiLAsycEYy+AdRCQCY/uYGwzcxAqrvaZCI2IO9XP7CdZZcaMFkZTmCFV7hC46Y0m7Vp1I5LQEmTlDa18V34R4S0rwvE7jJd9JeEfjjQYsW3MFeO9Mag==&version=1.0&app_id=9021000143681725&sign_type=RSA2&timestamp=2025-02-15 19:47:00^_^ProtocalOptParams:alipay_sdk=alipay-sdk-java-4.40.54.ALL&format=json^_^ApplicationParams:traceId=060d17c817396200427925217661980&biz_content={"out_trade_no":"0021470042205403"}^_^Body:{"alipay_trade_query_response":{"msg":"Business Failed","code":"40004","out_trade_no":"0021470042205403","sub_msg":"交易不存在","sub_code":"ACQ.TRADE_NOT_EXIST","receipt_amount":"0.00","point_amount":"0.00","buyer_pay_amount":"0.00","invoice_amount":"0.00"},"sign":"a8Hk18RUsxeVR57T/ZHtudJFdKUaNyfF9qhi3LMX8UGetyO+3c2Z3Mx9/g8yV0W7huGC2vXLBvLtdRdxElhkZ43Z9hswR6Y2X0mTqdn9pgSF9YurKTzofFcFW2plp6np0/Y1r7Ki86iA6fZ+hwCc/PxfCQ0VqFv/QhVOozsP9ga6/57mZ3d5eQeZcYBr5vauZl8aJfMWQmYW39dLmn61PxnbV4WdhgJ0PMkp9+3Ud4Y/38q5NhtPOkKrMslZuRScNNtnshfVWnkLm4XDE+eZVjsufhdPNByMuulq9mKb1Q4jz5iQYPy+TZxdCKBxPGoYtM6ZP93k4Z5fxvJa4UcCOQ=="}^_^16ms,698ms,19ms^_^trace_id:060d17c817396200427925217661980
25-02-15.19:47:03.009 [scheduling-1    ] INFO  NoPayNotifyOrderJob    - 任务；检测未接收到或未正确处理的支付回调通知
25-02-15.19:47:03.478 [scheduling-1    ] ERROR err                    - ErrorScene^_^40004^_^ACQ.TRADE_NOT_EXIST^_^null^_^Windows 11^_^2025-02-15 19:47:03^_^ProtocalMustParams:charset=utf-8&method=alipay.trade.query&sign=mkPTNQ85UmuJNoCGhY0nu/iDRae2TzM+NZdgqjVOdb8glJ4+0IyupXpZj9nV7aD4+8t2AC3cW65Iahb7vHLWjoJQGxwvQJ1MMEsNrtONke/vM4UjL7kAJ3+gLL1wL87kIlaaD7qFK6BKnEPd2rO9I1fEDmiZ9fl9cl/uqLsG0CXgkWxSG3qbSliRKca+p9qk3oHLBOPLu47NkDAmQP3Xw8YTGAiBozvTlSvvXvdD4PgunZPyQUTumZT7Nv1Ahx0BO1HzFBvK73q3bLOWajrKDIIQ3wNV3CG08EBepWCPnpEo/vF94zTh6sMaVZq5Cl6EXP+AO0+PkNoiLKx9DIPsPw==&version=1.0&app_id=9021000143681725&sign_type=RSA2&timestamp=2025-02-15 19:47:03^_^ProtocalOptParams:alipay_sdk=alipay-sdk-java-4.40.54.ALL&format=json^_^ApplicationParams:traceId=06037901173962004555288813844662&biz_content={"out_trade_no":"0021470042205403"}^_^Body:{"alipay_trade_query_response":{"msg":"Business Failed","code":"40004","out_trade_no":"0021470042205403","sub_msg":"交易不存在","sub_code":"ACQ.TRADE_NOT_EXIST","receipt_amount":"0.00","point_amount":"0.00","buyer_pay_amount":"0.00","invoice_amount":"0.00"},"sign":"a8Hk18RUsxeVR57T/ZHtudJFdKUaNyfF9qhi3LMX8UGetyO+3c2Z3Mx9/g8yV0W7huGC2vXLBvLtdRdxElhkZ43Z9hswR6Y2X0mTqdn9pgSF9YurKTzofFcFW2plp6np0/Y1r7Ki86iA6fZ+hwCc/PxfCQ0VqFv/QhVOozsP9ga6/57mZ3d5eQeZcYBr5vauZl8aJfMWQmYW39dLmn61PxnbV4WdhgJ0PMkp9+3Ud4Y/38q5NhtPOkKrMslZuRScNNtnshfVWnkLm4XDE+eZVjsufhdPNByMuulq9mKb1Q4jz5iQYPy+TZxdCKBxPGoYtM6ZP93k4Z5fxvJa4UcCOQ=="}^_^14ms,444ms,9ms^_^trace_id:06037901173962004555288813844662
25-02-15.19:47:06.004 [scheduling-1    ] INFO  NoPayNotifyOrderJob    - 任务；检测未接收到或未正确处理的支付回调通知
25-02-15.19:47:06.703 [scheduling-1    ] ERROR err                    - ErrorScene^_^40004^_^ACQ.TRADE_NOT_EXIST^_^null^_^Windows 11^_^2025-02-15 19:47:06^_^ProtocalMustParams:charset=utf-8&method=alipay.trade.query&sign=EYLQexeRwI6Q788Nx4lDAPLRosOYcV8XJPTUMdSOqcYSj0PlAGviJtjj1GoeXPkOrtPiyynaFc9Vbod+Gpg2xeABa4ChJYdOHbS3JoyuCxuYNpFfymubXIV/sZXeSj81HqJPFMzFQLhzv9MdlhAGSAxnArgHg6GsynZEi7aF/3FcQMQ0QvdJcMDSD0GQE43MQppZ3AtEovKflqqjrN28wIRwkTJI4+LGSnpiXZoMCHepYbWNLH8l/6OpYk66HmAMKt3KWWxWVr3u0UoDwkA3TqRLsCvSglnDqe5nWzhDq3Po3iuk+ULqG4u4+cdUD5/fhC6apOc5Hu+cBaVSlqsI+g==&version=1.0&app_id=9021000143681725&sign_type=RSA2&timestamp=2025-02-15 19:47:06^_^ProtocalOptParams:alipay_sdk=alipay-sdk-java-4.40.54.ALL&format=json^_^ApplicationParams:traceId=060200a1173962004855625553005125&biz_content={"out_trade_no":"0021470042205403"}^_^Body:{"alipay_trade_query_response":{"msg":"Business Failed","code":"40004","out_trade_no":"0021470042205403","sub_msg":"交易不存在","sub_code":"ACQ.TRADE_NOT_EXIST","receipt_amount":"0.00","point_amount":"0.00","buyer_pay_amount":"0.00","invoice_amount":"0.00"},"sign":"a8Hk18RUsxeVR57T/ZHtudJFdKUaNyfF9qhi3LMX8UGetyO+3c2Z3Mx9/g8yV0W7huGC2vXLBvLtdRdxElhkZ43Z9hswR6Y2X0mTqdn9pgSF9YurKTzofFcFW2plp6np0/Y1r7Ki86iA6fZ+hwCc/PxfCQ0VqFv/QhVOozsP9ga6/57mZ3d5eQeZcYBr5vauZl8aJfMWQmYW39dLmn61PxnbV4WdhgJ0PMkp9+3Ud4Y/38q5NhtPOkKrMslZuRScNNtnshfVWnkLm4XDE+eZVjsufhdPNByMuulq9mKb1Q4jz5iQYPy+TZxdCKBxPGoYtM6ZP93k4Z5fxvJa4UcCOQ=="}^_^16ms,675ms,8ms^_^trace_id:060200a1173962004855625553005125
25-02-15.19:47:09.010 [scheduling-1    ] INFO  NoPayNotifyOrderJob    - 任务；检测未接收到或未正确处理的支付回调通知
25-02-15.19:47:09.240 [scheduling-1    ] ERROR err                    - ErrorScene^_^40004^_^ACQ.TRADE_NOT_EXIST^_^null^_^Windows 11^_^2025-02-15 19:47:09^_^ProtocalMustParams:charset=utf-8&method=alipay.trade.query&sign=CsXXbLzS9RXUzro5gTJEVJbD+ANgnmIUWLW6HAZiXSk9KNY4zThqy8TzOdKkIhZvJHdcXepUpzzWOtgozYlgxRwNgKthezlGRQKVATtt8wEaIxrX6rVAuqHIwNCZfi2p/+5cZqa2NXNiWh2y6qY2rVNJvUZMTNKv5e+5/flYOHlIvjnhpJOKe8X/OYs3LLxvX4PbEfCEu3bZEy/a/A19gOyJ9gGiLYJH6ObA60ChN4DnRMny3eSoesP+lkvXzJm2O5KIe6uIcXq2XMbmBgVi3jzVM19UBEuZRkFDxMZAYDIaOhT8OLTbP07l/6LUwm37v3GVlWddhBGwQ+e0wYaZ5w==&version=1.0&app_id=9021000143681725&sign_type=RSA2&timestamp=2025-02-15 19:47:09^_^ProtocalOptParams:alipay_sdk=alipay-sdk-java-4.40.54.ALL&format=json^_^ApplicationParams:traceId=060200a1173962005154125663005125&biz_content={"out_trade_no":"0021470042205403"}^_^Body:{"alipay_trade_query_response":{"msg":"Business Failed","code":"40004","out_trade_no":"0021470042205403","sub_msg":"交易不存在","sub_code":"ACQ.TRADE_NOT_EXIST","receipt_amount":"0.00","point_amount":"0.00","buyer_pay_amount":"0.00","invoice_amount":"0.00"},"sign":"a8Hk18RUsxeVR57T/ZHtudJFdKUaNyfF9qhi3LMX8UGetyO+3c2Z3Mx9/g8yV0W7huGC2vXLBvLtdRdxElhkZ43Z9hswR6Y2X0mTqdn9pgSF9YurKTzofFcFW2plp6np0/Y1r7Ki86iA6fZ+hwCc/PxfCQ0VqFv/QhVOozsP9ga6/57mZ3d5eQeZcYBr5vauZl8aJfMWQmYW39dLmn61PxnbV4WdhgJ0PMkp9+3Ud4Y/38q5NhtPOkKrMslZuRScNNtnshfVWnkLm4XDE+eZVjsufhdPNByMuulq9mKb1Q4jz5iQYPy+TZxdCKBxPGoYtM6ZP93k4Z5fxvJa4UcCOQ=="}^_^6ms,214ms,8ms^_^trace_id:060200a1173962005154125663005125
25-02-15.19:47:12.003 [scheduling-1    ] INFO  NoPayNotifyOrderJob    - 任务；检测未接收到或未正确处理的支付回调通知
25-02-15.19:47:22.624 [scheduling-1    ] INFO  info                   - Summary^_^10000^_^null^_^ProtocalMustParams:charset=utf-8&method=alipay.trade.query&sign=UmrklYXmik5dOzvzk4XAtVgfKufjqmKvZm5wOaIpqpxLzxKhZeQ5uC2EbynX8axcPRnmgfIAWwlQmUDRU6jdqkuR0yEiuG2UBggov2SAtXU7yRpK/HeiEl45BFFFOHA8DyqHdBsBRhjQMmJsOfm+3X6AUSOpfwl4ubop8yVIug6ynyEy5V4gyy8gR0zy2+74rXtK1tyTg4cv7iHbK1nOFRJPby40bZLkT3/CkW8yKNEr/B1dXH4mkGzA5jdrgDBOuLXt8VZDCh36FywXtoIfxlXMShIsoDSSpvwojHoZPXJQ8oX3t8Swv2ioM0Hbedm5J8xXK9r+lOKfNf6WgHbHnA==&version=1.0&app_id=9021000143681725&sign_type=RSA2&timestamp=2025-02-15 19:47:12^_^ProtocalOptParams:alipay_sdk=alipay-sdk-java-4.40.54.ALL&format=json^_^ApplicationParams:traceId=0602e561173962006470834761671005&biz_content={"out_trade_no":"0021470042205403"}^_^13ms,10594ms,14ms^_^trace_id:0602e561173962006470834761671005
25-02-15.19:47:22.653 [scheduling-1    ] INFO  OrderPaySuccessListener - 收到支付信息！+ {"orderId":"0021470042205403","status":"PAY_SUCCESS"}
25-02-15.19:47:24.003 [scheduling-1    ] INFO  NoPayNotifyOrderJob    - 任务；检测未接收到或未正确处理的支付回调通知
25-02-15.19:47:27.008 [scheduling-1    ] INFO  NoPayNotifyOrderJob    - 任务；检测未接收到或未正确处理的支付回调通知
25-02-15.19:47:28.637 [http-nio-80-exec-6] INFO  AliPayController       - 支付回调，消息接收 TRADE_SUCCESS
25-02-15.19:47:28.637 [http-nio-80-exec-6] INFO  AliPayController       - 支付回调，交易名称: 测试商品
25-02-15.19:47:28.637 [http-nio-80-exec-6] INFO  AliPayController       - 支付回调，交易状态: TRADE_SUCCESS
25-02-15.19:47:28.640 [http-nio-80-exec-6] INFO  AliPayController       - 支付回调，支付宝交易凭证号: 2025021522001417160505219732
25-02-15.19:47:28.640 [http-nio-80-exec-6] INFO  AliPayController       - 支付回调，商户订单号: 0021470042205403
25-02-15.19:47:28.640 [http-nio-80-exec-6] INFO  AliPayController       - 支付回调，交易金额: 1.68
25-02-15.19:47:28.640 [http-nio-80-exec-6] INFO  AliPayController       - 支付回调，买家在支付宝唯一id: 2088722057217164
25-02-15.19:47:28.640 [http-nio-80-exec-6] INFO  AliPayController       - 支付回调，买家付款时间: 2025-02-15 19:47:47
25-02-15.19:47:28.640 [http-nio-80-exec-6] INFO  AliPayController       - 支付回调，买家付款金额: 1.68
25-02-15.19:47:28.640 [http-nio-80-exec-6] INFO  AliPayController       - 支付回调，支付回调，更新订单 0021470042205403
25-02-15.19:47:28.640 [http-nio-80-exec-6] INFO  OrderPaySuccessListener - 收到支付信息！+ {"orderId":"0021470042205403","status":"PAY_SUCCESS"}
25-02-15.19:47:30.009 [scheduling-1    ] INFO  NoPayNotifyOrderJob    - 任务；检测未接收到或未正确处理的支付回调通知
25-02-15.19:47:33.015 [scheduling-1    ] INFO  NoPayNotifyOrderJob    - 任务；检测未接收到或未正确处理的支付回调通知
25-02-15.19:47:36.007 [scheduling-1    ] INFO  NoPayNotifyOrderJob    - 任务；检测未接收到或未正确处理的支付回调通知
25-02-15.19:47:39.004 [scheduling-1    ] INFO  NoPayNotifyOrderJob    - 任务；检测未接收到或未正确处理的支付回调通知
25-02-15.19:47:42.011 [scheduling-1    ] INFO  NoPayNotifyOrderJob    - 任务；检测未接收到或未正确处理的支付回调通知
25-02-15.19:47:45.014 [scheduling-1    ] INFO  NoPayNotifyOrderJob    - 任务；检测未接收到或未正确处理的支付回调通知
25-02-15.19:47:48.005 [scheduling-1    ] INFO  NoPayNotifyOrderJob    - 任务；检测未接收到或未正确处理的支付回调通知
25-02-15.19:47:51.002 [scheduling-1    ] INFO  NoPayNotifyOrderJob    - 任务；检测未接收到或未正确处理的支付回调通知
25-02-15.19:47:54.009 [scheduling-1    ] INFO  NoPayNotifyOrderJob    - 任务；检测未接收到或未正确处理的支付回调通知
25-02-15.19:47:57.005 [scheduling-1    ] INFO  NoPayNotifyOrderJob    - 任务；检测未接收到或未正确处理的支付回调通知
25-02-15.19:48:00.002 [scheduling-1    ] INFO  NoPayNotifyOrderJob    - 任务；检测未接收到或未正确处理的支付回调通知
25-02-15.19:48:01.132 [http-nio-80-exec-8] INFO  WeixinPortalController - 接收微信公众号信息请求oOJlO7FKQXylYmBN9wtKIvl7VW28开始 <xml><ToUserName><![CDATA[gh_c8f98d60710e]]></ToUserName>
<FromUserName><![CDATA[oOJlO7FKQXylYmBN9wtKIvl7VW28]]></FromUserName>
<CreateTime>1739620102</CreateTime>
<MsgType><![CDATA[text]]></MsgType>
<Content><![CDATA[1]]></Content>
<MsgId>24905370729455967</MsgId>
</xml>
25-02-15.19:48:03.003 [scheduling-1    ] INFO  NoPayNotifyOrderJob    - 任务；检测未接收到或未正确处理的支付回调通知
25-02-15.19:48:06.004 [scheduling-1    ] INFO  NoPayNotifyOrderJob    - 任务；检测未接收到或未正确处理的支付回调通知
25-02-15.19:48:09.004 [scheduling-1    ] INFO  NoPayNotifyOrderJob    - 任务；检测未接收到或未正确处理的支付回调通知
25-02-15.19:48:12.015 [scheduling-1    ] INFO  NoPayNotifyOrderJob    - 任务；检测未接收到或未正确处理的支付回调通知
25-02-15.19:48:15.001 [scheduling-1    ] INFO  NoPayNotifyOrderJob    - 任务；检测未接收到或未正确处理的支付回调通知
25-02-15.19:48:18.008 [scheduling-1    ] INFO  NoPayNotifyOrderJob    - 任务；检测未接收到或未正确处理的支付回调通知
25-02-15.19:48:21.007 [scheduling-1    ] INFO  NoPayNotifyOrderJob    - 任务；检测未接收到或未正确处理的支付回调通知
25-02-15.19:48:24.005 [scheduling-1    ] INFO  NoPayNotifyOrderJob    - 任务；检测未接收到或未正确处理的支付回调通知
25-02-15.19:48:27.011 [scheduling-1    ] INFO  NoPayNotifyOrderJob    - 任务；检测未接收到或未正确处理的支付回调通知
25-02-15.19:48:30.009 [scheduling-1    ] INFO  NoPayNotifyOrderJob    - 任务；检测未接收到或未正确处理的支付回调通知
25-02-15.19:48:33.002 [scheduling-1    ] INFO  NoPayNotifyOrderJob    - 任务；检测未接收到或未正确处理的支付回调通知
25-02-15.19:48:36.009 [scheduling-1    ] INFO  NoPayNotifyOrderJob    - 任务；检测未接收到或未正确处理的支付回调通知
25-02-15.19:48:39.004 [scheduling-1    ] INFO  NoPayNotifyOrderJob    - 任务；检测未接收到或未正确处理的支付回调通知
25-02-15.19:48:42.011 [scheduling-1    ] INFO  NoPayNotifyOrderJob    - 任务；检测未接收到或未正确处理的支付回调通知
25-02-15.19:48:45.012 [scheduling-1    ] INFO  NoPayNotifyOrderJob    - 任务；检测未接收到或未正确处理的支付回调通知
25-02-15.19:48:48.014 [scheduling-1    ] INFO  NoPayNotifyOrderJob    - 任务；检测未接收到或未正确处理的支付回调通知
25-02-15.19:48:51.001 [scheduling-1    ] INFO  NoPayNotifyOrderJob    - 任务；检测未接收到或未正确处理的支付回调通知
25-02-15.19:48:54.020 [scheduling-1    ] INFO  NoPayNotifyOrderJob    - 任务；检测未接收到或未正确处理的支付回调通知
25-02-15.19:48:57.001 [scheduling-1    ] INFO  NoPayNotifyOrderJob    - 任务；检测未接收到或未正确处理的支付回调通知
25-02-15.19:49:00.008 [scheduling-1    ] INFO  NoPayNotifyOrderJob    - 任务；检测未接收到或未正确处理的支付回调通知
25-02-15.19:49:03.008 [scheduling-1    ] INFO  NoPayNotifyOrderJob    - 任务；检测未接收到或未正确处理的支付回调通知
25-02-15.19:49:06.007 [scheduling-1    ] INFO  NoPayNotifyOrderJob    - 任务；检测未接收到或未正确处理的支付回调通知
25-02-15.19:49:09.002 [scheduling-1    ] INFO  NoPayNotifyOrderJob    - 任务；检测未接收到或未正确处理的支付回调通知
25-02-15.19:49:12.007 [scheduling-1    ] INFO  NoPayNotifyOrderJob    - 任务；检测未接收到或未正确处理的支付回调通知
25-02-15.19:49:15.003 [scheduling-1    ] INFO  NoPayNotifyOrderJob    - 任务；检测未接收到或未正确处理的支付回调通知
25-02-15.19:49:18.004 [scheduling-1    ] INFO  NoPayNotifyOrderJob    - 任务；检测未接收到或未正确处理的支付回调通知
25-02-15.19:49:21.015 [scheduling-1    ] INFO  NoPayNotifyOrderJob    - 任务；检测未接收到或未正确处理的支付回调通知
25-02-15.19:49:24.012 [scheduling-1    ] INFO  NoPayNotifyOrderJob    - 任务；检测未接收到或未正确处理的支付回调通知
25-02-15.19:49:27.011 [scheduling-1    ] INFO  NoPayNotifyOrderJob    - 任务；检测未接收到或未正确处理的支付回调通知
25-02-15.19:49:30.008 [scheduling-1    ] INFO  NoPayNotifyOrderJob    - 任务；检测未接收到或未正确处理的支付回调通知
25-02-15.19:49:33.014 [scheduling-1    ] INFO  NoPayNotifyOrderJob    - 任务；检测未接收到或未正确处理的支付回调通知
25-02-15.19:49:36.005 [scheduling-1    ] INFO  NoPayNotifyOrderJob    - 任务；检测未接收到或未正确处理的支付回调通知
25-02-15.19:49:39.005 [scheduling-1    ] INFO  NoPayNotifyOrderJob    - 任务；检测未接收到或未正确处理的支付回调通知
25-02-15.19:49:42.012 [scheduling-1    ] INFO  NoPayNotifyOrderJob    - 任务；检测未接收到或未正确处理的支付回调通知
25-02-15.19:49:45.008 [scheduling-1    ] INFO  NoPayNotifyOrderJob    - 任务；检测未接收到或未正确处理的支付回调通知
25-02-15.19:49:48.000 [scheduling-1    ] INFO  NoPayNotifyOrderJob    - 任务；检测未接收到或未正确处理的支付回调通知
25-02-15.19:49:51.012 [scheduling-1    ] INFO  NoPayNotifyOrderJob    - 任务；检测未接收到或未正确处理的支付回调通知
25-02-15.19:49:54.014 [scheduling-1    ] INFO  NoPayNotifyOrderJob    - 任务；检测未接收到或未正确处理的支付回调通知
25-02-15.19:49:57.014 [scheduling-1    ] INFO  NoPayNotifyOrderJob    - 任务；检测未接收到或未正确处理的支付回调通知
25-02-15.19:50:00.001 [scheduling-1    ] INFO  NoPayNotifyOrderJob    - 任务；检测未接收到或未正确处理的支付回调通知
25-02-15.19:50:00.002 [scheduling-1    ] INFO  TimeoutCloseOrderJob   - 任务；超时30分钟订单关闭
25-02-15.19:50:00.004 [scheduling-1    ] INFO  TimeoutCloseOrderJob   - 定时任务，超时30分钟订单关闭，暂无超时未支付订单 orderIds is null
25-02-15.19:50:03.015 [scheduling-1    ] INFO  NoPayNotifyOrderJob    - 任务；检测未接收到或未正确处理的支付回调通知
25-02-15.19:50:06.014 [scheduling-1    ] INFO  NoPayNotifyOrderJob    - 任务；检测未接收到或未正确处理的支付回调通知
25-02-15.19:50:09.002 [scheduling-1    ] INFO  NoPayNotifyOrderJob    - 任务；检测未接收到或未正确处理的支付回调通知
25-02-15.19:50:12.001 [scheduling-1    ] INFO  NoPayNotifyOrderJob    - 任务；检测未接收到或未正确处理的支付回调通知
25-02-15.19:50:15.011 [scheduling-1    ] INFO  NoPayNotifyOrderJob    - 任务；检测未接收到或未正确处理的支付回调通知
25-02-15.19:50:18.014 [scheduling-1    ] INFO  NoPayNotifyOrderJob    - 任务；检测未接收到或未正确处理的支付回调通知
25-02-15.19:50:21.014 [scheduling-1    ] INFO  NoPayNotifyOrderJob    - 任务；检测未接收到或未正确处理的支付回调通知
25-02-15.19:50:24.000 [scheduling-1    ] INFO  NoPayNotifyOrderJob    - 任务；检测未接收到或未正确处理的支付回调通知
25-02-15.19:50:27.014 [scheduling-1    ] INFO  NoPayNotifyOrderJob    - 任务；检测未接收到或未正确处理的支付回调通知
25-02-15.19:50:30.004 [scheduling-1    ] INFO  NoPayNotifyOrderJob    - 任务；检测未接收到或未正确处理的支付回调通知
25-02-15.19:50:33.001 [scheduling-1    ] INFO  NoPayNotifyOrderJob    - 任务；检测未接收到或未正确处理的支付回调通知
25-02-15.19:50:36.002 [scheduling-1    ] INFO  NoPayNotifyOrderJob    - 任务；检测未接收到或未正确处理的支付回调通知
25-02-15.19:50:39.004 [scheduling-1    ] INFO  NoPayNotifyOrderJob    - 任务；检测未接收到或未正确处理的支付回调通知
25-02-15.19:50:42.008 [scheduling-1    ] INFO  NoPayNotifyOrderJob    - 任务；检测未接收到或未正确处理的支付回调通知
25-02-15.19:50:45.012 [scheduling-1    ] INFO  NoPayNotifyOrderJob    - 任务；检测未接收到或未正确处理的支付回调通知
25-02-15.19:50:48.014 [scheduling-1    ] INFO  NoPayNotifyOrderJob    - 任务；检测未接收到或未正确处理的支付回调通知
25-02-15.19:50:51.015 [scheduling-1    ] INFO  NoPayNotifyOrderJob    - 任务；检测未接收到或未正确处理的支付回调通知
25-02-15.19:50:54.005 [scheduling-1    ] INFO  NoPayNotifyOrderJob    - 任务；检测未接收到或未正确处理的支付回调通知
25-02-15.19:50:57.005 [scheduling-1    ] INFO  NoPayNotifyOrderJob    - 任务；检测未接收到或未正确处理的支付回调通知
25-02-15.19:51:00.004 [scheduling-1    ] INFO  NoPayNotifyOrderJob    - 任务；检测未接收到或未正确处理的支付回调通知
25-02-15.19:51:03.011 [scheduling-1    ] INFO  NoPayNotifyOrderJob    - 任务；检测未接收到或未正确处理的支付回调通知
25-02-15.19:51:06.011 [scheduling-1    ] INFO  NoPayNotifyOrderJob    - 任务；检测未接收到或未正确处理的支付回调通知
25-02-15.19:51:09.012 [scheduling-1    ] INFO  NoPayNotifyOrderJob    - 任务；检测未接收到或未正确处理的支付回调通知
25-02-15.19:51:12.003 [scheduling-1    ] INFO  NoPayNotifyOrderJob    - 任务；检测未接收到或未正确处理的支付回调通知
25-02-15.19:51:15.004 [scheduling-1    ] INFO  NoPayNotifyOrderJob    - 任务；检测未接收到或未正确处理的支付回调通知
25-02-15.19:51:18.011 [scheduling-1    ] INFO  NoPayNotifyOrderJob    - 任务；检测未接收到或未正确处理的支付回调通知
25-02-15.19:51:21.011 [scheduling-1    ] INFO  NoPayNotifyOrderJob    - 任务；检测未接收到或未正确处理的支付回调通知
25-02-15.19:51:24.015 [scheduling-1    ] INFO  NoPayNotifyOrderJob    - 任务；检测未接收到或未正确处理的支付回调通知
25-02-15.19:51:27.012 [scheduling-1    ] INFO  NoPayNotifyOrderJob    - 任务；检测未接收到或未正确处理的支付回调通知
25-02-15.19:51:30.002 [scheduling-1    ] INFO  NoPayNotifyOrderJob    - 任务；检测未接收到或未正确处理的支付回调通知
25-02-15.19:51:33.010 [scheduling-1    ] INFO  NoPayNotifyOrderJob    - 任务；检测未接收到或未正确处理的支付回调通知
25-02-15.19:51:36.008 [scheduling-1    ] INFO  NoPayNotifyOrderJob    - 任务；检测未接收到或未正确处理的支付回调通知
25-02-15.19:51:39.017 [scheduling-1    ] INFO  NoPayNotifyOrderJob    - 任务；检测未接收到或未正确处理的支付回调通知
25-02-15.19:51:42.013 [scheduling-1    ] INFO  NoPayNotifyOrderJob    - 任务；检测未接收到或未正确处理的支付回调通知
25-02-15.19:51:45.013 [scheduling-1    ] INFO  NoPayNotifyOrderJob    - 任务；检测未接收到或未正确处理的支付回调通知
25-02-15.19:51:48.012 [scheduling-1    ] INFO  NoPayNotifyOrderJob    - 任务；检测未接收到或未正确处理的支付回调通知
25-02-15.19:51:51.015 [scheduling-1    ] INFO  NoPayNotifyOrderJob    - 任务；检测未接收到或未正确处理的支付回调通知
25-02-15.19:51:54.013 [scheduling-1    ] INFO  NoPayNotifyOrderJob    - 任务；检测未接收到或未正确处理的支付回调通知
25-02-15.19:51:57.012 [scheduling-1    ] INFO  NoPayNotifyOrderJob    - 任务；检测未接收到或未正确处理的支付回调通知
25-02-15.19:52:00.001 [scheduling-1    ] INFO  NoPayNotifyOrderJob    - 任务；检测未接收到或未正确处理的支付回调通知
25-02-15.19:52:03.007 [scheduling-1    ] INFO  NoPayNotifyOrderJob    - 任务；检测未接收到或未正确处理的支付回调通知
25-02-15.19:52:06.005 [scheduling-1    ] INFO  NoPayNotifyOrderJob    - 任务；检测未接收到或未正确处理的支付回调通知
25-02-15.19:52:09.014 [scheduling-1    ] INFO  NoPayNotifyOrderJob    - 任务；检测未接收到或未正确处理的支付回调通知
25-02-15.19:52:12.010 [scheduling-1    ] INFO  NoPayNotifyOrderJob    - 任务；检测未接收到或未正确处理的支付回调通知
25-02-15.19:52:15.005 [scheduling-1    ] INFO  NoPayNotifyOrderJob    - 任务；检测未接收到或未正确处理的支付回调通知
25-02-15.19:52:18.004 [scheduling-1    ] INFO  NoPayNotifyOrderJob    - 任务；检测未接收到或未正确处理的支付回调通知
25-02-15.19:52:21.000 [scheduling-1    ] INFO  NoPayNotifyOrderJob    - 任务；检测未接收到或未正确处理的支付回调通知
25-02-15.19:52:24.002 [scheduling-1    ] INFO  NoPayNotifyOrderJob    - 任务；检测未接收到或未正确处理的支付回调通知
25-02-15.19:52:27.005 [scheduling-1    ] INFO  NoPayNotifyOrderJob    - 任务；检测未接收到或未正确处理的支付回调通知
25-02-15.19:52:30.006 [scheduling-1    ] INFO  NoPayNotifyOrderJob    - 任务；检测未接收到或未正确处理的支付回调通知
25-02-15.19:52:31.388 [SpringApplicationShutdownHook] INFO  HikariDataSource       - HikariPool-1 - Shutdown initiated...
25-02-15.19:52:31.393 [SpringApplicationShutdownHook] INFO  HikariDataSource       - HikariPool-1 - Shutdown completed.
25-02-15.19:52:36.143 [main            ] INFO  Application            - Starting Application using Java 17.0.8 on Naive_elephant with PID 20040 (D:\javaProject\s-pay\web\target\classes started by 79217 in D:\javaProject\s-pay)
25-02-15.19:52:36.145 [main            ] INFO  Application            - The following 1 profile is active: "dev"
25-02-15.19:52:36.920 [main            ] INFO  TomcatWebServer        - Tomcat initialized with port(s): 80 (http)
25-02-15.19:52:36.926 [main            ] INFO  Http11NioProtocol      - Initializing ProtocolHandler ["http-nio-80"]
25-02-15.19:52:36.926 [main            ] INFO  StandardService        - Starting service [Tomcat]
25-02-15.19:52:36.926 [main            ] INFO  StandardEngine         - Starting Servlet engine: [Apache Tomcat/9.0.75]
25-02-15.19:52:36.999 [main            ] INFO  [/]                    - Initializing Spring embedded WebApplicationContext
25-02-15.19:52:36.999 [main            ] INFO  ServletWebServerApplicationContext - Root WebApplicationContext: initialization completed in 816 ms
25-02-15.19:52:37.570 [main            ] INFO  Http11NioProtocol      - Starting ProtocolHandler ["http-nio-80"]
25-02-15.19:52:37.583 [main            ] INFO  TomcatWebServer        - Tomcat started on port(s): 80 (http) with context path ''
25-02-15.19:52:37.592 [main            ] INFO  Application            - Started Application in 1.789 seconds (JVM running for 2.275)
25-02-15.19:52:39.011 [scheduling-1    ] INFO  NoPayNotifyOrderJob    - 任务；检测未接收到或未正确处理的支付回调通知
25-02-15.19:52:39.021 [scheduling-1    ] INFO  HikariDataSource       - HikariPool-1 - Starting...
25-02-15.19:52:39.205 [scheduling-1    ] INFO  HikariDataSource       - HikariPool-1 - Start completed.
25-02-15.19:52:42.007 [scheduling-1    ] INFO  NoPayNotifyOrderJob    - 任务；检测未接收到或未正确处理的支付回调通知
25-02-15.19:52:45.011 [scheduling-1    ] INFO  NoPayNotifyOrderJob    - 任务；检测未接收到或未正确处理的支付回调通知
25-02-15.19:52:45.081 [http-nio-80-exec-1] INFO  [/]                    - Initializing Spring DispatcherServlet 'dispatcherServlet'
25-02-15.19:52:45.081 [http-nio-80-exec-1] INFO  DispatcherServlet      - Initializing Servlet 'dispatcherServlet'
25-02-15.19:52:45.082 [http-nio-80-exec-1] INFO  DispatcherServlet      - Completed initialization in 1 ms
25-02-15.19:52:45.132 [http-nio-80-exec-1] INFO  AliPayController       - 商品下单，根据商品ID创建支付单开始 userId:oOJlO7FKQXylYmBN9wtKIvl7VW28 productId:oOJlO7FKQXylYmBN9wtKIvl7VW28
25-02-15.19:52:45.194 [http-nio-80-exec-1] INFO  AliPayController       - 商品下单，根据商品ID创建支付单完成 userId:oOJlO7FKQXylYmBN9wtKIvl7VW28 productId:100010090091 orderId:1032121704068291
25-02-15.19:52:48.008 [scheduling-1    ] INFO  NoPayNotifyOrderJob    - 任务；检测未接收到或未正确处理的支付回调通知
25-02-15.19:52:48.706 [scheduling-1    ] ERROR err                    - ErrorScene^_^40004^_^ACQ.TRADE_NOT_EXIST^_^null^_^Windows 11^_^2025-02-15 19:52:48^_^ProtocalMustParams:charset=utf-8&method=alipay.trade.query&sign=EkcrMca2pZEnwsZLdbtm3dVr4E2oFeX/lRY9sNRAwvMK9KTUGDr41ji9fHMS3c9YxwnAwbNNhHqcK9VazWj/mEAqCVn6iAPi9WdbmLwX79R7hvxFKwPqWmjvTSZ4eNQPEVcMatZei+462dpVkxQnHnIm1TkLO1QRdE7RgktkrgvwLBBG89wksdS3Wa6HvMxnIAq6pPNfPitI5fqhgV6bi3Ne3MVTBB2w2qQLdZJtqfd4CH2EhgT+nsoSR1Drt0JMAJxTue78Xpj7ieB7GuLtwbnnPFXIt701exeAvjt/d/10Z96Z5LLsHARQsx22VIYr4+y4tlM2kwcZ+cPuBF1iSg==&version=1.0&app_id=9021000143681725&sign_type=RSA2&timestamp=2025-02-15 19:52:48^_^ProtocalOptParams:alipay_sdk=alipay-sdk-java-4.40.54.ALL&format=json^_^ApplicationParams:traceId=060d21ef17396203908043220659020&biz_content={"out_trade_no":"1032121704068291"}^_^Body:{"alipay_trade_query_response":{"msg":"Business Failed","code":"40004","out_trade_no":"1032121704068291","sub_msg":"交易不存在","sub_code":"ACQ.TRADE_NOT_EXIST","receipt_amount":"0.00","point_amount":"0.00","buyer_pay_amount":"0.00","invoice_amount":"0.00"},"sign":"bAVRlcY1nlcjWGj4gR8O/WvD+/hDxevpTjF6dAEWceWiYCv89DjUNjdzVq6tm4ZqAZBijdwDVoKrOx8iVbdWHVlA/hJqWAJVcSqHmH4Jn23eDxknvCWeRDX1pqcQSILB9LuIfEk4oXGh/rk495Y4CBqQu/NJLlj/bxP5CjwFYmpOgtW2bMxp5yf3mzn3ZM9c1W+J/PL8zUJa5jOfr2JLXclcIwEnyma1Xem/b4if5jpkMAnt3cvtR98SKW/7nJEcA0pBCh9khMuOaln2ulNVyH72GtRIPCg0IW61SKiExYyCpYNPezuXth0/MNH0Y8RnHEoufMRJXs8HCYhHL/Dvqw=="}^_^19ms,640ms,29ms^_^trace_id:060d21ef17396203908043220659020
25-02-15.19:52:51.010 [scheduling-1    ] INFO  NoPayNotifyOrderJob    - 任务；检测未接收到或未正确处理的支付回调通知
25-02-15.19:52:53.139 [scheduling-1    ] ERROR err                    - ErrorScene^_^40004^_^ACQ.TRADE_NOT_EXIST^_^null^_^Windows 11^_^2025-02-15 19:52:53^_^ProtocalMustParams:charset=utf-8&method=alipay.trade.query&sign=QE6nV61vu3aPOjrygSGCKaeSvzsrmr3GzsWMC/1SGyFxk0T7k539sQJ6RWoy/fI++1o66iBEll+i4OBALEY2T+jniG8UMv05mH2Ea2+otgjbUZ+ApBnGK3JywW8JtPjoJl+YQiHwcgtF8hhZqMxdtMqszV+GqTS/VqOZmDoV1cSLLYABF/t7BLI4Vns7BAHy1YnQ+RyI7rVWtzX/RrYC9mT96+8U+lh7TC3If+OjXmTHi5pFD/O4ng+WwIbckQmc1pD8WtkaJsjUmKHVpMbrc6lrDejv9J8dQ9PHfZE+DYuugvf4UH6yuf6j3eeglEtINobF2vJqdNizV9d0TROpaw==&version=1.0&app_id=9021000143681725&sign_type=RSA2&timestamp=2025-02-15 19:52:51^_^ProtocalOptParams:alipay_sdk=alipay-sdk-java-4.40.54.ALL&format=json^_^ApplicationParams:traceId=0602e561173962039541147831671005&biz_content={"out_trade_no":"1032121704068291"}^_^Body:{"alipay_trade_query_response":{"msg":"Business Failed","code":"40004","out_trade_no":"1032121704068291","sub_msg":"交易不存在","sub_code":"ACQ.TRADE_NOT_EXIST","receipt_amount":"0.00","point_amount":"0.00","buyer_pay_amount":"0.00","invoice_amount":"0.00"},"sign":"bAVRlcY1nlcjWGj4gR8O/WvD+/hDxevpTjF6dAEWceWiYCv89DjUNjdzVq6tm4ZqAZBijdwDVoKrOx8iVbdWHVlA/hJqWAJVcSqHmH4Jn23eDxknvCWeRDX1pqcQSILB9LuIfEk4oXGh/rk495Y4CBqQu/NJLlj/bxP5CjwFYmpOgtW2bMxp5yf3mzn3ZM9c1W+J/PL8zUJa5jOfr2JLXclcIwEnyma1Xem/b4if5jpkMAnt3cvtR98SKW/7nJEcA0pBCh9khMuOaln2ulNVyH72GtRIPCg0IW61SKiExYyCpYNPezuXth0/MNH0Y8RnHEoufMRJXs8HCYhHL/Dvqw=="}^_^16ms,2096ms,16ms^_^trace_id:0602e561173962039541147831671005
25-02-15.19:52:54.018 [scheduling-1    ] INFO  NoPayNotifyOrderJob    - 任务；检测未接收到或未正确处理的支付回调通知
25-02-15.19:52:54.397 [scheduling-1    ] ERROR err                    - ErrorScene^_^40004^_^ACQ.TRADE_NOT_EXIST^_^null^_^Windows 11^_^2025-02-15 19:52:54^_^ProtocalMustParams:charset=utf-8&method=alipay.trade.query&sign=bzrKi99Sz8I8PmGMgClzXYO2sQ5Pyb+AzkwOI/wu/ii7rHheffZ7/05tPEnW0giJBc8HA61+2hMN5u5xJ8ZbfSSNaZJ+oBh1rFZGd8hMP4PVyN6DMyC3P5QDUGHw9Fg/U/1KvG89ewRJDAR9z9EFONZuye2D/oI59lZdOzsvFt7wGFzalIE5XGj49rv4bizIiqbBag6UDHJ1i2T7/lTpJtSJGwlfWTo+X+Fw+KJHp/4kEJtHhQwaY7Sm//1Pt5bj3c2Lt8/2kbfm9kMbw+VWGs/55gc/j9eNrsZ4PmPW6iXYjfBSpYZh6kzqYECXm9NNYfdolH6GB5tsYHQjFbEx6Q==&version=1.0&app_id=9021000143681725&sign_type=RSA2&timestamp=2025-02-15 19:52:54^_^ProtocalOptParams:alipay_sdk=alipay-sdk-java-4.40.54.ALL&format=json^_^ApplicationParams:traceId=060212a4173962039655078332997582&biz_content={"out_trade_no":"1032121704068291"}^_^Body:{"alipay_trade_query_response":{"msg":"Business Failed","code":"40004","out_trade_no":"1032121704068291","sub_msg":"交易不存在","sub_code":"ACQ.TRADE_NOT_EXIST","receipt_amount":"0.00","point_amount":"0.00","buyer_pay_amount":"0.00","invoice_amount":"0.00"},"sign":"bAVRlcY1nlcjWGj4gR8O/WvD+/hDxevpTjF6dAEWceWiYCv89DjUNjdzVq6tm4ZqAZBijdwDVoKrOx8iVbdWHVlA/hJqWAJVcSqHmH4Jn23eDxknvCWeRDX1pqcQSILB9LuIfEk4oXGh/rk495Y4CBqQu/NJLlj/bxP5CjwFYmpOgtW2bMxp5yf3mzn3ZM9c1W+J/PL8zUJa5jOfr2JLXclcIwEnyma1Xem/b4if5jpkMAnt3cvtR98SKW/7nJEcA0pBCh9khMuOaln2ulNVyH72GtRIPCg0IW61SKiExYyCpYNPezuXth0/MNH0Y8RnHEoufMRJXs8HCYhHL/Dvqw=="}^_^8ms,352ms,18ms^_^trace_id:060212a4173962039655078332997582
25-02-15.19:52:57.014 [scheduling-1    ] INFO  NoPayNotifyOrderJob    - 任务；检测未接收到或未正确处理的支付回调通知
25-02-15.19:52:57.380 [scheduling-1    ] ERROR err                    - ErrorScene^_^40004^_^ACQ.TRADE_NOT_EXIST^_^null^_^Windows 11^_^2025-02-15 19:52:57^_^ProtocalMustParams:charset=utf-8&method=alipay.trade.query&sign=S2pB+tvGsQHliRCRMgN9aM+u3lxO65ETzHbkM+saAPojQs1xB9BYGGxhHLGRRjfM7VQpfLlGvd2lRGhOalJybBPGD1zJs7UEaiYm0nACBd5+549BTjSA395A4kxJ/ZM7rObLXShhTnvt8J1ZMHIlUEknh4N8Bbt8+mKWuuxzbR4OSYJoLr06qhWdDIAoeFYYEuWLJhvZcbdilx1k3LovT7nMefZdzWlrZsxEtiIq9pYRFCxMiOkS4DCb8p7rIROhJxAnueaRJX5XWR4KGxrcZurp8SWS6At8cJL6wsS3eGd3zdo8r/JOhYLhpb/AKy2O+Ojg6jhym7a1u/p4ufg5Fw==&version=1.0&app_id=9021000143681725&sign_type=RSA2&timestamp=2025-02-15 19:52:57^_^ProtocalOptParams:alipay_sdk=alipay-sdk-java-4.40.54.ALL&format=json^_^ApplicationParams:traceId=0601d58b1739620399555691445583&biz_content={"out_trade_no":"1032121704068291"}^_^Body:{"alipay_trade_query_response":{"msg":"Business Failed","code":"40004","out_trade_no":"1032121704068291","sub_msg":"交易不存在","sub_code":"ACQ.TRADE_NOT_EXIST","receipt_amount":"0.00","point_amount":"0.00","buyer_pay_amount":"0.00","invoice_amount":"0.00"},"sign":"bAVRlcY1nlcjWGj4gR8O/WvD+/hDxevpTjF6dAEWceWiYCv89DjUNjdzVq6tm4ZqAZBijdwDVoKrOx8iVbdWHVlA/hJqWAJVcSqHmH4Jn23eDxknvCWeRDX1pqcQSILB9LuIfEk4oXGh/rk495Y4CBqQu/NJLlj/bxP5CjwFYmpOgtW2bMxp5yf3mzn3ZM9c1W+J/PL8zUJa5jOfr2JLXclcIwEnyma1Xem/b4if5jpkMAnt3cvtR98SKW/7nJEcA0pBCh9khMuOaln2ulNVyH72GtRIPCg0IW61SKiExYyCpYNPezuXth0/MNH0Y8RnHEoufMRJXs8HCYhHL/Dvqw=="}^_^8ms,348ms,9ms^_^trace_id:0601d58b1739620399555691445583
25-02-15.19:53:00.008 [scheduling-1    ] INFO  NoPayNotifyOrderJob    - 任务；检测未接收到或未正确处理的支付回调通知
25-02-15.19:53:00.263 [scheduling-1    ] ERROR err                    - ErrorScene^_^40004^_^ACQ.TRADE_NOT_EXIST^_^null^_^Windows 11^_^2025-02-15 19:53:00^_^ProtocalMustParams:charset=utf-8&method=alipay.trade.query&sign=EeQVOsYIcaQMAPjoxpsDMSxC7L26ChhVZK2K5iHPtKBkl4FnFSOBhhe8eMlgX5uls4zWWIjEJNjO88PHFG80h1ElzqBt51HFOMF28O/jC/QmZ8GHNaAx08TFPsADmSgHRB8EngDLJ6BWEaApQElNa5izwB3zANktlo4kOKLr3w2cheRf9SEy+LRY45boI2OaMsnmZCJipu2AX9TsaXMeZjHEGAxpj3dXTgNmS7LymYxRxmyUUi+axUup7M++JCQiFnExIjfRNOvu5I7SD310WkujRfzXPs34WJ+J22A8sf+iXeOJf466Q+iHP2a6b/dDOac7XPj4LLi4b7tIgHNRkQ==&version=1.0&app_id=9021000143681725&sign_type=RSA2&timestamp=2025-02-15 19:53:00^_^ProtocalOptParams:alipay_sdk=alipay-sdk-java-4.40.54.ALL&format=json^_^ApplicationParams:traceId=0602e561173962040255448521671005&biz_content={"out_trade_no":"1032121704068291"}^_^Body:{"alipay_trade_query_response":{"msg":"Business Failed","code":"40004","out_trade_no":"1032121704068291","sub_msg":"交易不存在","sub_code":"ACQ.TRADE_NOT_EXIST","receipt_amount":"0.00","point_amount":"0.00","buyer_pay_amount":"0.00","invoice_amount":"0.00"},"sign":"bAVRlcY1nlcjWGj4gR8O/WvD+/hDxevpTjF6dAEWceWiYCv89DjUNjdzVq6tm4ZqAZBijdwDVoKrOx8iVbdWHVlA/hJqWAJVcSqHmH4Jn23eDxknvCWeRDX1pqcQSILB9LuIfEk4oXGh/rk495Y4CBqQu/NJLlj/bxP5CjwFYmpOgtW2bMxp5yf3mzn3ZM9c1W+J/PL8zUJa5jOfr2JLXclcIwEnyma1Xem/b4if5jpkMAnt3cvtR98SKW/7nJEcA0pBCh9khMuOaln2ulNVyH72GtRIPCg0IW61SKiExYyCpYNPezuXth0/MNH0Y8RnHEoufMRJXs8HCYhHL/Dvqw=="}^_^12ms,239ms,4ms^_^trace_id:0602e561173962040255448521671005
25-02-15.19:53:03.009 [scheduling-1    ] INFO  NoPayNotifyOrderJob    - 任务；检测未接收到或未正确处理的支付回调通知
25-02-15.19:53:03.256 [scheduling-1    ] ERROR err                    - ErrorScene^_^40004^_^ACQ.TRADE_NOT_EXIST^_^null^_^Windows 11^_^2025-02-15 19:53:03^_^ProtocalMustParams:charset=utf-8&method=alipay.trade.query&sign=AweP8tc3i9Sas+Ej8X2wWTrSpyOgZdkxThw4fSzFV4hwbBjPDOtKISl5ayI4jImPfIEUqPhD1N1WDC+DOoQqX7TkaNQiSn041iSnb6wPXdw2dcMlrL/Jso5W3UsXhIUcTs9NUmr5KJLT6Wcor+VmCD/iPTjpc1OYgA6kdy7+irnPIhJnwFL58eD/XVwcEJi/s/mbhzy26Y3Vh28q3ahvoahyEx8yUyfMbFoVYzosB2kxFDIfeafuKyPq6qcDNFdHOjPCq/396giyy0cKX9QmghRYqUpmYOT9yOLnVewdY0I7NBaQeDr68ZuQgHa6WDYti3iY6Gnct+0RyrhlUJUX7A==&version=1.0&app_id=9021000143681725&sign_type=RSA2&timestamp=2025-02-15 19:53:03^_^ProtocalOptParams:alipay_sdk=alipay-sdk-java-4.40.54.ALL&format=json^_^ApplicationParams:traceId=0602e561173962040554348621671005&biz_content={"out_trade_no":"1032121704068291"}^_^Body:{"alipay_trade_query_response":{"msg":"Business Failed","code":"40004","out_trade_no":"1032121704068291","sub_msg":"交易不存在","sub_code":"ACQ.TRADE_NOT_EXIST","receipt_amount":"0.00","point_amount":"0.00","buyer_pay_amount":"0.00","invoice_amount":"0.00"},"sign":"bAVRlcY1nlcjWGj4gR8O/WvD+/hDxevpTjF6dAEWceWiYCv89DjUNjdzVq6tm4ZqAZBijdwDVoKrOx8iVbdWHVlA/hJqWAJVcSqHmH4Jn23eDxknvCWeRDX1pqcQSILB9LuIfEk4oXGh/rk495Y4CBqQu/NJLlj/bxP5CjwFYmpOgtW2bMxp5yf3mzn3ZM9c1W+J/PL8zUJa5jOfr2JLXclcIwEnyma1Xem/b4if5jpkMAnt3cvtR98SKW/7nJEcA0pBCh9khMuOaln2ulNVyH72GtRIPCg0IW61SKiExYyCpYNPezuXth0/MNH0Y8RnHEoufMRJXs8HCYhHL/Dvqw=="}^_^15ms,215ms,15ms^_^trace_id:0602e561173962040554348621671005
25-02-15.19:53:06.008 [scheduling-1    ] INFO  NoPayNotifyOrderJob    - 任务；检测未接收到或未正确处理的支付回调通知
25-02-15.19:53:06.274 [scheduling-1    ] ERROR err                    - ErrorScene^_^40004^_^ACQ.TRADE_NOT_EXIST^_^null^_^Windows 11^_^2025-02-15 19:53:06^_^ProtocalMustParams:charset=utf-8&method=alipay.trade.query&sign=D+8GLuxPUnhJXQpob14b7AlOc3Ja6v8m/niQSjgIn8Fps/0Zhn5qlU8kB97Iv56LuMEA7ZpfYX2nibmShp8Im6+1v9d6Xj06zOAMxpB9elT/m5/obMicayf0JsWAyvqdrMaz6HgNQZv45UcVWEmp6kAFCfVIyJ6KqI69Tv2CsdDrKnbwTkY4KFPV2peCRvh3pwnFS/9mb8y+oySO3KpoDlTydxFHRxAh7Tf0Fq9TNLlFpYqHcNFRmDRQYeOhX4ioq9xw3zWCARaPN6CZtrERpUCZxTMLkD86FfpYtArQd9sh4xwD+TBY/Pz5xWMH6V8oQZ7CkZnSyYDbZtNHgAly1A==&version=1.0&app_id=9021000143681725&sign_type=RSA2&timestamp=2025-02-15 19:53:06^_^ProtocalOptParams:alipay_sdk=alipay-sdk-java-4.40.54.ALL&format=json^_^ApplicationParams:traceId=060d17c817396204085526640661980&biz_content={"out_trade_no":"1032121704068291"}^_^Body:{"alipay_trade_query_response":{"msg":"Business Failed","code":"40004","out_trade_no":"1032121704068291","sub_msg":"交易不存在","sub_code":"ACQ.TRADE_NOT_EXIST","receipt_amount":"0.00","point_amount":"0.00","buyer_pay_amount":"0.00","invoice_amount":"0.00"},"sign":"bAVRlcY1nlcjWGj4gR8O/WvD+/hDxevpTjF6dAEWceWiYCv89DjUNjdzVq6tm4ZqAZBijdwDVoKrOx8iVbdWHVlA/hJqWAJVcSqHmH4Jn23eDxknvCWeRDX1pqcQSILB9LuIfEk4oXGh/rk495Y4CBqQu/NJLlj/bxP5CjwFYmpOgtW2bMxp5yf3mzn3ZM9c1W+J/PL8zUJa5jOfr2JLXclcIwEnyma1Xem/b4if5jpkMAnt3cvtR98SKW/7nJEcA0pBCh9khMuOaln2ulNVyH72GtRIPCg0IW61SKiExYyCpYNPezuXth0/MNH0Y8RnHEoufMRJXs8HCYhHL/Dvqw=="}^_^13ms,240ms,12ms^_^trace_id:060d17c817396204085526640661980
25-02-15.19:53:09.006 [scheduling-1    ] INFO  NoPayNotifyOrderJob    - 任务；检测未接收到或未正确处理的支付回调通知
25-02-15.19:53:09.355 [scheduling-1    ] ERROR err                    - ErrorScene^_^40004^_^ACQ.TRADE_NOT_EXIST^_^null^_^Windows 11^_^2025-02-15 19:53:09^_^ProtocalMustParams:charset=utf-8&method=alipay.trade.query&sign=F5l7C+OxZZepyCTI9YTt4glG0LwUtMm3bvpwatTaYg/YsYtQvXU5SqfZF8pBXDoGdPGi9xBnLb7Q/bAm9rzcf1ACOGYD8LryVeoK19LhyLC1+6kE/pCYSy0M2eWJ5/cdUBczcR/lg/3DrPFL/6XFSSHc+h5oJvuQ7YwTjMJWoPCAh5GF/U/Mihs/MbxyHln2gK70cAXrXi8z6Qv6wmr1WY96ZeITv0t3pG0xIFnouq2xHYL2mh6RsUOyAx1uxTyRCjvxd0kmQcvhZ32W1OFedbbg4g45GVxnvYVfb6dr9p+fuf+uHoXf7Pvb7X2pJ+9c7qRLqAJljQMg7wGTbSnbhA==&version=1.0&app_id=9021000143681725&sign_type=RSA2&timestamp=2025-02-15 19:53:09^_^ProtocalOptParams:alipay_sdk=alipay-sdk-java-4.40.54.ALL&format=json^_^ApplicationParams:traceId=060d10c917396204115543981599872&biz_content={"out_trade_no":"1032121704068291"}^_^Body:{"alipay_trade_query_response":{"msg":"Business Failed","code":"40004","out_trade_no":"1032121704068291","sub_msg":"交易不存在","sub_code":"ACQ.TRADE_NOT_EXIST","receipt_amount":"0.00","point_amount":"0.00","buyer_pay_amount":"0.00","invoice_amount":"0.00"},"sign":"bAVRlcY1nlcjWGj4gR8O/WvD+/hDxevpTjF6dAEWceWiYCv89DjUNjdzVq6tm4ZqAZBijdwDVoKrOx8iVbdWHVlA/hJqWAJVcSqHmH4Jn23eDxknvCWeRDX1pqcQSILB9LuIfEk4oXGh/rk495Y4CBqQu/NJLlj/bxP5CjwFYmpOgtW2bMxp5yf3mzn3ZM9c1W+J/PL8zUJa5jOfr2JLXclcIwEnyma1Xem/b4if5jpkMAnt3cvtR98SKW/7nJEcA0pBCh9khMuOaln2ulNVyH72GtRIPCg0IW61SKiExYyCpYNPezuXth0/MNH0Y8RnHEoufMRJXs8HCYhHL/Dvqw=="}^_^12ms,322ms,13ms^_^trace_id:060d10c917396204115543981599872
25-02-15.19:53:12.015 [scheduling-1    ] INFO  NoPayNotifyOrderJob    - 任务；检测未接收到或未正确处理的支付回调通知
25-02-15.19:53:12.264 [scheduling-1    ] ERROR err                    - ErrorScene^_^40004^_^ACQ.TRADE_NOT_EXIST^_^null^_^Windows 11^_^2025-02-15 19:53:12^_^ProtocalMustParams:charset=utf-8&method=alipay.trade.query&sign=Fs2fSZAecBS1advkNGUAYlY+CQUjDQg1OfFVn8m7dB4fJhFjpG1POwuVGlGo57tUVQTUs3/DrkUlS9w8byUolF39bpbKepQQB8ZfLOOQj6wR7CiLXbKKM+0NM8/EvE935zAIe14LIsXFXKCiuMookZS4irJUL1csz/L+uMOopP6T4+KpbZmVmZMo7T8gPq7Xbtbmvt5dWQLuYSw94PKCH4/WLPzeYVppfDVxCL180GZhyqyeSLVes6pnwLdl3qMe2has33eUir2rU8BVw0sLMIcSZjFEKXDptd1LEKSvN0v0IP0rDRg+Eq9ICNODhDWV39EdXIX7Q6oMnEQygQr8Yw==&version=1.0&app_id=9021000143681725&sign_type=RSA2&timestamp=2025-02-15 19:53:12^_^ProtocalOptParams:alipay_sdk=alipay-sdk-java-4.40.54.ALL&format=json^_^ApplicationParams:traceId=060d21ef17396204145433309659020&biz_content={"out_trade_no":"1032121704068291"}^_^Body:{"alipay_trade_query_response":{"msg":"Business Failed","code":"40004","out_trade_no":"1032121704068291","sub_msg":"交易不存在","sub_code":"ACQ.TRADE_NOT_EXIST","receipt_amount":"0.00","point_amount":"0.00","buyer_pay_amount":"0.00","invoice_amount":"0.00"},"sign":"bAVRlcY1nlcjWGj4gR8O/WvD+/hDxevpTjF6dAEWceWiYCv89DjUNjdzVq6tm4ZqAZBijdwDVoKrOx8iVbdWHVlA/hJqWAJVcSqHmH4Jn23eDxknvCWeRDX1pqcQSILB9LuIfEk4oXGh/rk495Y4CBqQu/NJLlj/bxP5CjwFYmpOgtW2bMxp5yf3mzn3ZM9c1W+J/PL8zUJa5jOfr2JLXclcIwEnyma1Xem/b4if5jpkMAnt3cvtR98SKW/7nJEcA0pBCh9khMuOaln2ulNVyH72GtRIPCg0IW61SKiExYyCpYNPezuXth0/MNH0Y8RnHEoufMRJXs8HCYhHL/Dvqw=="}^_^7ms,234ms,7ms^_^trace_id:060d21ef17396204145433309659020
25-02-15.19:53:13.534 [http-nio-80-exec-5] INFO  LoginController        - 生成微信扫码登录 ticket:gQFI8TwAAAAAAAAAAS5odHRwOi8vd2VpeGluLnFxLmNvbS9xLzAyc0E5NHczVXBkZUkxTV9kbzFEMV8AAgQ-gLBnAwQAjScA
25-02-15.19:53:15.015 [scheduling-1    ] INFO  NoPayNotifyOrderJob    - 任务；检测未接收到或未正确处理的支付回调通知
25-02-15.19:53:15.258 [scheduling-1    ] ERROR err                    - ErrorScene^_^40004^_^ACQ.TRADE_NOT_EXIST^_^null^_^Windows 11^_^2025-02-15 19:53:15^_^ProtocalMustParams:charset=utf-8&method=alipay.trade.query&sign=Rw2y6WbcgkMvrqrrbw/c6U/J3vxS3+Pl8J96Winf7LfaWzaZcNwhhInJ1CRdRTDVcCgPthDDM/xU9tu98GtQM30TiL8pa7ug7A68wtPlck2ahCkGSlWMPnhEyPLpTtY3HuCankNlkM88mNwEyfMi+jS8xwGQQwHk+SpisRM7GQKJaqyWNZePFTTB/SdUHcgqnPQjLfRhfVCvW/lk1n9KIUF6RijNsqbgLz+45YmtDF5Nqe0I+J6X0Yavn9Sp3LxtNp48yhPnHOjtsA1cxsPLeg5yAmNQd2wgsYrPp4x6f0jdYMt6VjZj7svbjWIfevMJmxoZQoDDxatB76rwOebFmg==&version=1.0&app_id=9021000143681725&sign_type=RSA2&timestamp=2025-02-15 19:53:15^_^ProtocalOptParams:alipay_sdk=alipay-sdk-java-4.40.54.ALL&format=json^_^ApplicationParams:traceId=060212a4173962041753479232997582&biz_content={"out_trade_no":"1032121704068291"}^_^Body:{"alipay_trade_query_response":{"msg":"Business Failed","code":"40004","out_trade_no":"1032121704068291","sub_msg":"交易不存在","sub_code":"ACQ.TRADE_NOT_EXIST","receipt_amount":"0.00","point_amount":"0.00","buyer_pay_amount":"0.00","invoice_amount":"0.00"},"sign":"bAVRlcY1nlcjWGj4gR8O/WvD+/hDxevpTjF6dAEWceWiYCv89DjUNjdzVq6tm4ZqAZBijdwDVoKrOx8iVbdWHVlA/hJqWAJVcSqHmH4Jn23eDxknvCWeRDX1pqcQSILB9LuIfEk4oXGh/rk495Y4CBqQu/NJLlj/bxP5CjwFYmpOgtW2bMxp5yf3mzn3ZM9c1W+J/PL8zUJa5jOfr2JLXclcIwEnyma1Xem/b4if5jpkMAnt3cvtR98SKW/7nJEcA0pBCh9khMuOaln2ulNVyH72GtRIPCg0IW61SKiExYyCpYNPezuXth0/MNH0Y8RnHEoufMRJXs8HCYhHL/Dvqw=="}^_^7ms,228ms,7ms^_^trace_id:060212a4173962041753479232997582
25-02-15.19:53:16.546 [http-nio-80-exec-3] INFO  LoginController        - 扫码检测登录结果 ticket:gQFI8TwAAAAAAAAAAS5odHRwOi8vd2VpeGluLnFxLmNvbS9xLzAyc0E5NHczVXBkZUkxTV9kbzFEMV8AAgQ-gLBnAwQAjScA openidToken:null
25-02-15.19:53:18.010 [scheduling-1    ] INFO  NoPayNotifyOrderJob    - 任务；检测未接收到或未正确处理的支付回调通知
25-02-15.19:53:18.251 [scheduling-1    ] ERROR err                    - ErrorScene^_^40004^_^ACQ.TRADE_NOT_EXIST^_^null^_^Windows 11^_^2025-02-15 19:53:18^_^ProtocalMustParams:charset=utf-8&method=alipay.trade.query&sign=F3XXpH/xzg+oBeRVkq7x5vTAF2Tbumx68U+oxv4jc8BkaQw1XdJChk9JIQk41s0OyJ237EfUJF7JUYG5HsikJzt+eHZ/t+tMfcY9HzUc/OkSF3OFqvEFHYVknbgd78hewwWr49rBD/iXjQ5l0KtZoMnMvRZfnXjV0yNNEPFJVNiLBb/l9M1MRS5U2L8w9gdAG7UdrHUQExRcoK7G4UZAjuUujPK1vY3YHjk7IjLCMMSSq9AxXx9fXylhG9oWNP46Rg/oIednvz2+r/2mzFbv5Rb0bBsUUr1WERMWwyARGMThUZCuwNsq/P7lk8Zwb6xDj3LjtmzzT1UIVXo3enkKIg==&version=1.0&app_id=9021000143681725&sign_type=RSA2&timestamp=2025-02-15 19:53:18^_^ProtocalOptParams:alipay_sdk=alipay-sdk-java-4.40.54.ALL&format=json^_^ApplicationParams:traceId=060d21ef17396204205553334659020&biz_content={"out_trade_no":"1032121704068291"}^_^Body:{"alipay_trade_query_response":{"msg":"Business Failed","code":"40004","out_trade_no":"1032121704068291","sub_msg":"交易不存在","sub_code":"ACQ.TRADE_NOT_EXIST","receipt_amount":"0.00","point_amount":"0.00","buyer_pay_amount":"0.00","invoice_amount":"0.00"},"sign":"bAVRlcY1nlcjWGj4gR8O/WvD+/hDxevpTjF6dAEWceWiYCv89DjUNjdzVq6tm4ZqAZBijdwDVoKrOx8iVbdWHVlA/hJqWAJVcSqHmH4Jn23eDxknvCWeRDX1pqcQSILB9LuIfEk4oXGh/rk495Y4CBqQu/NJLlj/bxP5CjwFYmpOgtW2bMxp5yf3mzn3ZM9c1W+J/PL8zUJa5jOfr2JLXclcIwEnyma1Xem/b4if5jpkMAnt3cvtR98SKW/7nJEcA0pBCh9khMuOaln2ulNVyH72GtRIPCg0IW61SKiExYyCpYNPezuXth0/MNH0Y8RnHEoufMRJXs8HCYhHL/Dvqw=="}^_^7ms,226ms,7ms^_^trace_id:060d21ef17396204205553334659020
25-02-15.19:53:19.554 [http-nio-80-exec-4] INFO  LoginController        - 扫码检测登录结果 ticket:gQFI8TwAAAAAAAAAAS5odHRwOi8vd2VpeGluLnFxLmNvbS9xLzAyc0E5NHczVXBkZUkxTV9kbzFEMV8AAgQ-gLBnAwQAjScA openidToken:null
25-02-15.19:53:19.775 [http-nio-80-exec-2] INFO  WeixinPortalController - 接收微信公众号信息请求oOJlO7FKQXylYmBN9wtKIvl7VW28开始 <xml><ToUserName><![CDATA[gh_c8f98d60710e]]></ToUserName>
<FromUserName><![CDATA[oOJlO7FKQXylYmBN9wtKIvl7VW28]]></FromUserName>
<CreateTime>1739620421</CreateTime>
<MsgType><![CDATA[event]]></MsgType>
<Event><![CDATA[SCAN]]></Event>
<EventKey><![CDATA[100601]]></EventKey>
<Ticket><![CDATA[gQFI8TwAAAAAAAAAAS5odHRwOi8vd2VpeGluLnFxLmNvbS9xLzAyc0E5NHczVXBkZUkxTV9kbzFEMV8AAgQ-gLBnAwQAjScA]]></Ticket>
</xml>
25-02-15.19:53:20.710 [http-nio-80-exec-7] INFO  WeixinPortalController - 接收微信公众号信息请求oOJlO7FKQXylYmBN9wtKIvl7VW28开始 <xml><ToUserName><![CDATA[gh_c8f98d60710e]]></ToUserName>
<FromUserName><![CDATA[oOJlO7FKQXylYmBN9wtKIvl7VW28]]></FromUserName>
<CreateTime>1739620423</CreateTime>
<MsgType><![CDATA[event]]></MsgType>
<Event><![CDATA[TEMPLATESENDJOBFINISH]]></Event>
<MsgID>3859231985893801986</MsgID>
<Status><![CDATA[success]]></Status>
</xml>
25-02-15.19:53:21.016 [scheduling-1    ] INFO  NoPayNotifyOrderJob    - 任务；检测未接收到或未正确处理的支付回调通知
25-02-15.19:53:21.603 [scheduling-1    ] ERROR err                    - ErrorScene^_^40004^_^ACQ.TRADE_NOT_EXIST^_^null^_^Windows 11^_^2025-02-15 19:53:21^_^ProtocalMustParams:charset=utf-8&method=alipay.trade.query&sign=ZQb1ccmIAFlYjWKza4L+JvyHCyQhm/5i0HAsZAOULIdoi/bnFMzygi3M2w32Jd6FvAfL9W29R/X9roTjtqPsNKOHOcsvZJweBdQX6vx/w8vTg1uKt6bmjjVgbcELo3vflrMC5GTHAuAk3UqsQZ04a9X+tHytpj0q7MColrcrB/z56eqzqgse94UE5GQMcMjHnlESAdner9bHf47BEc0OZ/Nbv18Ve+uAnPgmDQQ9hI7+TYClFpIzMzeC26c6NCAD1zrZ6wJ56oV10n8KXuYy5sqzcL4febNNu4+RgPjpqIoun/jlrFkMKbie8Bj7CFQ7x8JeQ4fN9k+pCQKAnvi4CA==&version=1.0&app_id=9021000143681725&sign_type=RSA2&timestamp=2025-02-15 19:53:21^_^ProtocalOptParams:alipay_sdk=alipay-sdk-java-4.40.54.ALL&format=json^_^ApplicationParams:traceId=0602e561173962042354349341671005&biz_content={"out_trade_no":"1032121704068291"}^_^Body:{"alipay_trade_query_response":{"msg":"Business Failed","code":"40004","out_trade_no":"1032121704068291","sub_msg":"交易不存在","sub_code":"ACQ.TRADE_NOT_EXIST","receipt_amount":"0.00","point_amount":"0.00","buyer_pay_amount":"0.00","invoice_amount":"0.00"},"sign":"bAVRlcY1nlcjWGj4gR8O/WvD+/hDxevpTjF6dAEWceWiYCv89DjUNjdzVq6tm4ZqAZBijdwDVoKrOx8iVbdWHVlA/hJqWAJVcSqHmH4Jn23eDxknvCWeRDX1pqcQSILB9LuIfEk4oXGh/rk495Y4CBqQu/NJLlj/bxP5CjwFYmpOgtW2bMxp5yf3mzn3ZM9c1W+J/PL8zUJa5jOfr2JLXclcIwEnyma1Xem/b4if5jpkMAnt3cvtR98SKW/7nJEcA0pBCh9khMuOaln2ulNVyH72GtRIPCg0IW61SKiExYyCpYNPezuXth0/MNH0Y8RnHEoufMRJXs8HCYhHL/Dvqw=="}^_^7ms,572ms,6ms^_^trace_id:0602e561173962042354349341671005
25-02-15.19:53:22.551 [http-nio-80-exec-9] INFO  LoginController        - 扫码检测登录结果 ticket:gQFI8TwAAAAAAAAAAS5odHRwOi8vd2VpeGluLnFxLmNvbS9xLzAyc0E5NHczVXBkZUkxTV9kbzFEMV8AAgQ-gLBnAwQAjScA openidToken:oOJlO7FKQXylYmBN9wtKIvl7VW28
25-02-15.19:53:24.001 [scheduling-1    ] INFO  NoPayNotifyOrderJob    - 任务；检测未接收到或未正确处理的支付回调通知
25-02-15.19:53:24.227 [scheduling-1    ] ERROR err                    - ErrorScene^_^40004^_^ACQ.TRADE_NOT_EXIST^_^null^_^Windows 11^_^2025-02-15 19:53:24^_^ProtocalMustParams:charset=utf-8&method=alipay.trade.query&sign=haaoXi788BQJKDLyeT3it8ZwWEtmi4TJ9X1MT7lEm29yB8euPpnTO9dcvCh1xvY/hOT3IpczY+vfXsCShBd3QpS7mfDAlwJ5acoTlpVevquJSpFRPnnoVoSgPel1CxoQnrT8behTG01Wl+WufkqVmrpl+Py0nCPKiky/GdWbxdUQZjyth24Lf5yMbXke9hPYrVpVZCIzStiTKtov+CnIo0noIKcvJVOXFDS46S1A5ffyY6lGoeXyNcU5ngQ8DWnOIeTDhQaQTCHk4EE/tvA6Xn3Q/iVM7v5v1Jq4hzZ2majQoPOmtSnfLjkw+hWf/P6JtLW+A2nMsvISlJXcNFXrYw==&version=1.0&app_id=9021000143681725&sign_type=RSA2&timestamp=2025-02-15 19:53:24^_^ProtocalOptParams:alipay_sdk=alipay-sdk-java-4.40.54.ALL&format=json^_^ApplicationParams:traceId=0602e561173962042652349561671005&biz_content={"out_trade_no":"1032121704068291"}^_^Body:{"alipay_trade_query_response":{"msg":"Business Failed","code":"40004","out_trade_no":"1032121704068291","sub_msg":"交易不存在","sub_code":"ACQ.TRADE_NOT_EXIST","receipt_amount":"0.00","point_amount":"0.00","buyer_pay_amount":"0.00","invoice_amount":"0.00"},"sign":"bAVRlcY1nlcjWGj4gR8O/WvD+/hDxevpTjF6dAEWceWiYCv89DjUNjdzVq6tm4ZqAZBijdwDVoKrOx8iVbdWHVlA/hJqWAJVcSqHmH4Jn23eDxknvCWeRDX1pqcQSILB9LuIfEk4oXGh/rk495Y4CBqQu/NJLlj/bxP5CjwFYmpOgtW2bMxp5yf3mzn3ZM9c1W+J/PL8zUJa5jOfr2JLXclcIwEnyma1Xem/b4if5jpkMAnt3cvtR98SKW/7nJEcA0pBCh9khMuOaln2ulNVyH72GtRIPCg0IW61SKiExYyCpYNPezuXth0/MNH0Y8RnHEoufMRJXs8HCYhHL/Dvqw=="}^_^6ms,210ms,7ms^_^trace_id:0602e561173962042652349561671005
25-02-15.19:53:27.001 [scheduling-1    ] INFO  NoPayNotifyOrderJob    - 任务；检测未接收到或未正确处理的支付回调通知
25-02-15.19:53:27.299 [scheduling-1    ] ERROR err                    - ErrorScene^_^40004^_^ACQ.TRADE_NOT_EXIST^_^null^_^Windows 11^_^2025-02-15 19:53:27^_^ProtocalMustParams:charset=utf-8&method=alipay.trade.query&sign=U94DDA6VIjbzeHpY7Sgyjh2sTIFcKFWEYvJDxQ9R3QBIYCvft/LhQKJ1q3XxnGkU0rIm7TwFKETN85Zu+SBTtTHKeN+IYM5HcS29FqSM+T6lulFoC3Er7V0m9kT/OR8G1p3oXDbF+qYlBWi3tuzxfInINwPJi5Mb9Ll38nhemEXvTrpuhJBFZ1Y9WreKJaw5ACjVjJFlM78I6CWedJWlfF9oY3jJMMBuaf3rYdT8TtCty7fUZddOhQxwEAX3gff573hXwo+tosXxMl9yHdBnRHKyBcCDyIdjHUi/pbPO5KLPa7O+EmknwK5ZQE1MDBNIoBekThBra6aLkaVquel8KQ==&version=1.0&app_id=9021000143681725&sign_type=RSA2&timestamp=2025-02-15 19:53:27^_^ProtocalOptParams:alipay_sdk=alipay-sdk-java-4.40.54.ALL&format=json^_^ApplicationParams:traceId=06037901173962042954224233844662&biz_content={"out_trade_no":"1032121704068291"}^_^Body:{"alipay_trade_query_response":{"msg":"Business Failed","code":"40004","out_trade_no":"1032121704068291","sub_msg":"交易不存在","sub_code":"ACQ.TRADE_NOT_EXIST","receipt_amount":"0.00","point_amount":"0.00","buyer_pay_amount":"0.00","invoice_amount":"0.00"},"sign":"bAVRlcY1nlcjWGj4gR8O/WvD+/hDxevpTjF6dAEWceWiYCv89DjUNjdzVq6tm4ZqAZBijdwDVoKrOx8iVbdWHVlA/hJqWAJVcSqHmH4Jn23eDxknvCWeRDX1pqcQSILB9LuIfEk4oXGh/rk495Y4CBqQu/NJLlj/bxP5CjwFYmpOgtW2bMxp5yf3mzn3ZM9c1W+J/PL8zUJa5jOfr2JLXclcIwEnyma1Xem/b4if5jpkMAnt3cvtR98SKW/7nJEcA0pBCh9khMuOaln2ulNVyH72GtRIPCg0IW61SKiExYyCpYNPezuXth0/MNH0Y8RnHEoufMRJXs8HCYhHL/Dvqw=="}^_^6ms,283ms,7ms^_^trace_id:06037901173962042954224233844662
25-02-15.19:53:30.001 [scheduling-1    ] INFO  NoPayNotifyOrderJob    - 任务；检测未接收到或未正确处理的支付回调通知
25-02-15.19:53:30.247 [scheduling-1    ] ERROR err                    - ErrorScene^_^40004^_^ACQ.TRADE_NOT_EXIST^_^null^_^Windows 11^_^2025-02-15 19:53:30^_^ProtocalMustParams:charset=utf-8&method=alipay.trade.query&sign=QBMunRWZqkXplOYiUBIV1Ddxp2ijgnvf5C7ZxXRFK09H0ZMlhZTeqy6GlchnUHgs3u4ie2smi6wWSEpqp5jvpNRpX7R83f8TZSYfbWuFOB2ob1LU2cWShsKl8ECeud2HQQtZL16iOh1oeMdGXke0wkX+WnrAm7ocYXSq8HaXK+k2XcYsaNGupuvL0XkzywFt6+g5IRyGDO5ijrKoWtvPGrJu0A6VJJnemNeqMiMB9grNCwzi5kCYEtP0Vf5FF0Q79cnRlbYQas5VADlQQ6V2B0trZy728GvFx8TCP7TyC+g+1jO44yn65R2csDxKN7QzqQD/0AGhZ7NyQjzsFtiSRA==&version=1.0&app_id=9021000143681725&sign_type=RSA2&timestamp=2025-02-15 19:53:30^_^ProtocalOptParams:alipay_sdk=alipay-sdk-java-4.40.54.ALL&format=json^_^ApplicationParams:traceId=0602e561173962043253949801671005&biz_content={"out_trade_no":"1032121704068291"}^_^Body:{"alipay_trade_query_response":{"msg":"Business Failed","code":"40004","out_trade_no":"1032121704068291","sub_msg":"交易不存在","sub_code":"ACQ.TRADE_NOT_EXIST","receipt_amount":"0.00","point_amount":"0.00","buyer_pay_amount":"0.00","invoice_amount":"0.00"},"sign":"bAVRlcY1nlcjWGj4gR8O/WvD+/hDxevpTjF6dAEWceWiYCv89DjUNjdzVq6tm4ZqAZBijdwDVoKrOx8iVbdWHVlA/hJqWAJVcSqHmH4Jn23eDxknvCWeRDX1pqcQSILB9LuIfEk4oXGh/rk495Y4CBqQu/NJLlj/bxP5CjwFYmpOgtW2bMxp5yf3mzn3ZM9c1W+J/PL8zUJa5jOfr2JLXclcIwEnyma1Xem/b4if5jpkMAnt3cvtR98SKW/7nJEcA0pBCh9khMuOaln2ulNVyH72GtRIPCg0IW61SKiExYyCpYNPezuXth0/MNH0Y8RnHEoufMRJXs8HCYhHL/Dvqw=="}^_^8ms,230ms,7ms^_^trace_id:0602e561173962043253949801671005
25-02-15.19:53:32.282 [SpringApplicationShutdownHook] INFO  HikariDataSource       - HikariPool-1 - Shutdown initiated...
25-02-15.19:53:32.287 [SpringApplicationShutdownHook] INFO  HikariDataSource       - HikariPool-1 - Shutdown completed.
